        -:    0:Source:/usr/include/c++/10/bits/stl_tree.h
        -:    0:Graph:/home/tam/Desktop/PPKE/9_felev/adatszerk_2/nagyhf/2nagyhf/Code/cmake-build-debug-coverage/CMakeFiles/Code.dir/main.cpp.gcno
        -:    0:Data:/home/tam/Desktop/PPKE/9_felev/adatszerk_2/nagyhf/2nagyhf/Code/cmake-build-debug-coverage/CMakeFiles/Code.dir/main.cpp.gcda
        -:    0:Runs:1
        -:    1:// RB tree implementation -*- C++ -*-
        -:    2:
        -:    3:// Copyright (C) 2001-2020 Free Software Foundation, Inc.
        -:    4://
        -:    5:// This file is part of the GNU ISO C++ Library.  This library is free
        -:    6:// software; you can redistribute it and/or modify it under the
        -:    7:// terms of the GNU General Public License as published by the
        -:    8:// Free Software Foundation; either version 3, or (at your option)
        -:    9:// any later version.
        -:   10:
        -:   11:// This library is distributed in the hope that it will be useful,
        -:   12:// but WITHOUT ANY WARRANTY; without even the implied warranty of
        -:   13:// MERCHANTABILITY or FITNESS FOR A PARTICULAR PURPOSE.  See the
        -:   14:// GNU General Public License for more details.
        -:   15:
        -:   16:// Under Section 7 of GPL version 3, you are granted additional
        -:   17:// permissions described in the GCC Runtime Library Exception, version
        -:   18:// 3.1, as published by the Free Software Foundation.
        -:   19:
        -:   20:// You should have received a copy of the GNU General Public License and
        -:   21:// a copy of the GCC Runtime Library Exception along with this program;
        -:   22:// see the files COPYING3 and COPYING.RUNTIME respectively.  If not, see
        -:   23:// <http://www.gnu.org/licenses/>.
        -:   24:
        -:   25:/*
        -:   26: *
        -:   27: * Copyright (c) 1996,1997
        -:   28: * Silicon Graphics Computer Systems, Inc.
        -:   29: *
        -:   30: * Permission to use, copy, modify, distribute and sell this software
        -:   31: * and its documentation for any purpose is hereby granted without fee,
        -:   32: * provided that the above copyright notice appear in all copies and
        -:   33: * that both that copyright notice and this permission notice appear
        -:   34: * in supporting documentation.  Silicon Graphics makes no
        -:   35: * representations about the suitability of this software for any
        -:   36: * purpose.  It is provided "as is" without express or implied warranty.
        -:   37: *
        -:   38: *
        -:   39: * Copyright (c) 1994
        -:   40: * Hewlett-Packard Company
        -:   41: *
        -:   42: * Permission to use, copy, modify, distribute and sell this software
        -:   43: * and its documentation for any purpose is hereby granted without fee,
        -:   44: * provided that the above copyright notice appear in all copies and
        -:   45: * that both that copyright notice and this permission notice appear
        -:   46: * in supporting documentation.  Hewlett-Packard Company makes no
        -:   47: * representations about the suitability of this software for any
        -:   48: * purpose.  It is provided "as is" without express or implied warranty.
        -:   49: *
        -:   50: *
        -:   51: */
        -:   52:
        -:   53:/** @file bits/stl_tree.h
        -:   54: *  This is an internal header file, included by other library headers.
        -:   55: *  Do not attempt to use it directly. @headername{map,set}
        -:   56: */
        -:   57:
        -:   58:#ifndef _STL_TREE_H
        -:   59:#define _STL_TREE_H 1
        -:   60:
        -:   61:#pragma GCC system_header
        -:   62:
        -:   63:#include <bits/stl_algobase.h>
        -:   64:#include <bits/allocator.h>
        -:   65:#include <bits/stl_function.h>
        -:   66:#include <bits/cpp_type_traits.h>
        -:   67:#include <ext/alloc_traits.h>
        -:   68:#if __cplusplus >= 201103L
        -:   69:# include <ext/aligned_buffer.h>
        -:   70:#endif
        -:   71:#if __cplusplus > 201402L
        -:   72:# include <bits/node_handle.h>
        -:   73:#endif
        -:   74:
        -:   75:namespace std _GLIBCXX_VISIBILITY(default)
        -:   76:{
        -:   77:_GLIBCXX_BEGIN_NAMESPACE_VERSION
        -:   78:
        -:   79:#if __cplusplus > 201103L
        -:   80:# define __cpp_lib_generic_associative_lookup 201304
        -:   81:#endif
        -:   82:
        -:   83:  // Red-black tree class, designed for use in implementing STL
        -:   84:  // associative containers (set, multiset, map, and multimap). The
        -:   85:  // insertion and deletion algorithms are based on those in Cormen,
        -:   86:  // Leiserson, and Rivest, Introduction to Algorithms (MIT Press,
        -:   87:  // 1990), except that
        -:   88:  //
        -:   89:  // (1) the header cell is maintained with links not only to the root
        -:   90:  // but also to the leftmost node of the tree, to enable constant
        -:   91:  // time begin(), and to the rightmost node of the tree, to enable
        -:   92:  // linear time performance when used with the generic set algorithms
        -:   93:  // (set_union, etc.)
        -:   94:  //
        -:   95:  // (2) when a node being deleted has two children its successor node
        -:   96:  // is relinked into its place, rather than copied, so that the only
        -:   97:  // iterators invalidated are those referring to the deleted node.
        -:   98:
        -:   99:  enum _Rb_tree_color { _S_red = false, _S_black = true };
        -:  100:
        -:  101:  struct _Rb_tree_node_base
        -:  102:  {
        -:  103:    typedef _Rb_tree_node_base* _Base_ptr;
        -:  104:    typedef const _Rb_tree_node_base* _Const_Base_ptr;
        -:  105:
        -:  106:    _Rb_tree_color	_M_color;
        -:  107:    _Base_ptr		_M_parent;
        -:  108:    _Base_ptr		_M_left;
        -:  109:    _Base_ptr		_M_right;
        -:  110:
        -:  111:    static _Base_ptr
       57:  112:    _S_minimum(_Base_ptr __x) _GLIBCXX_NOEXCEPT
        -:  113:    {
       57:  114:      while (__x->_M_left != 0) __x = __x->_M_left;
       57:  114-block  0
       30:  114-block  1
       27:  115:      return __x;
       27:  115-block  0
        -:  116:    }
        -:  117:
        -:  118:    static _Const_Base_ptr
        -:  119:    _S_minimum(_Const_Base_ptr __x) _GLIBCXX_NOEXCEPT
        -:  120:    {
        -:  121:      while (__x->_M_left != 0) __x = __x->_M_left;
        -:  122:      return __x;
        -:  123:    }
        -:  124:
        -:  125:    static _Base_ptr
       53:  126:    _S_maximum(_Base_ptr __x) _GLIBCXX_NOEXCEPT
        -:  127:    {
       53:  128:      while (__x->_M_right != 0) __x = __x->_M_right;
       53:  128-block  0
       26:  128-block  1
       27:  129:      return __x;
       27:  129-block  0
        -:  130:    }
        -:  131:
        -:  132:    static _Const_Base_ptr
        -:  133:    _S_maximum(_Const_Base_ptr __x) _GLIBCXX_NOEXCEPT
        -:  134:    {
        -:  135:      while (__x->_M_right != 0) __x = __x->_M_right;
        -:  136:      return __x;
        -:  137:    }
        -:  138:  };
        -:  139:
        -:  140:  // Helper type offering value initialization guarantee on the compare functor.
        -:  141:  template<typename _Key_compare>
        -:  142:    struct _Rb_tree_key_compare
        -:  143:    {
        -:  144:      _Key_compare		_M_key_compare;
        -:  145:
       19:  146:      _Rb_tree_key_compare()
        -:  147:      _GLIBCXX_NOEXCEPT_IF(
        -:  148:	is_nothrow_default_constructible<_Key_compare>::value)
        -:  149:      : _M_key_compare()
       19:  150:      { }
        -:  151:
       27:  152:      _Rb_tree_key_compare(const _Key_compare& __comp)
        -:  153:      : _M_key_compare(__comp)
       27:  154:      { }
        -:  155:
        -:  156:#if __cplusplus >= 201103L
        -:  157:      // Copy constructor added for consistency with C++98 mode.
        -:  158:      _Rb_tree_key_compare(const _Rb_tree_key_compare&) = default;
        -:  159:
        -:  160:      _Rb_tree_key_compare(_Rb_tree_key_compare&& __x)
        -:  161:	noexcept(is_nothrow_copy_constructible<_Key_compare>::value)
        -:  162:      : _M_key_compare(__x._M_key_compare)
        -:  163:      { }
        -:  164:#endif
        -:  165:    };
        -:  166:
        -:  167:  // Helper type to manage default initialization of node count and header.
        -:  168:  struct _Rb_tree_header
        -:  169:  {
        -:  170:    _Rb_tree_node_base	_M_header;
        -:  171:    size_t		_M_node_count; // Keeps track of size of tree.
        -:  172:
       46:  173:    _Rb_tree_header() _GLIBCXX_NOEXCEPT
       46:  174:    {
       46:  175:      _M_header._M_color = _S_red;
       46:  176:      _M_reset();
       46:  176-block  0
       46:  177:    }
        -:  178:
        -:  179:#if __cplusplus >= 201103L
        -:  180:    _Rb_tree_header(_Rb_tree_header&& __x) noexcept
        -:  181:    {
        -:  182:      if (__x._M_header._M_parent != nullptr)
        -:  183:	_M_move_data(__x);
        -:  184:      else
        -:  185:	{
        -:  186:	  _M_header._M_color = _S_red;
        -:  187:	  _M_reset();
        -:  188:	}
        -:  189:    }
        -:  190:#endif
        -:  191:
        -:  192:    void
        -:  193:    _M_move_data(_Rb_tree_header& __from)
        -:  194:    {
        -:  195:      _M_header._M_color = __from._M_header._M_color;
        -:  196:      _M_header._M_parent = __from._M_header._M_parent;
        -:  197:      _M_header._M_left = __from._M_header._M_left;
        -:  198:      _M_header._M_right = __from._M_header._M_right;
        -:  199:      _M_header._M_parent->_M_parent = &_M_header;
        -:  200:      _M_node_count = __from._M_node_count;
        -:  201:
        -:  202:      __from._M_reset();
        -:  203:    }
        -:  204:
        -:  205:    void
       56:  206:    _M_reset()
        -:  207:    {
       56:  208:      _M_header._M_parent = 0;
       56:  209:      _M_header._M_left = &_M_header;
       56:  210:      _M_header._M_right = &_M_header;
       56:  211:      _M_node_count = 0;
       56:  212:    }
        -:  213:  };
        -:  214:
        -:  215:  template<typename _Val>
        -:  216:    struct _Rb_tree_node : public _Rb_tree_node_base
        -:  217:    {
        -:  218:      typedef _Rb_tree_node<_Val>* _Link_type;
        -:  219:
        -:  220:#if __cplusplus < 201103L
        -:  221:      _Val _M_value_field;
        -:  222:
        -:  223:      _Val*
        -:  224:      _M_valptr()
        -:  225:      { return std::__addressof(_M_value_field); }
        -:  226:
        -:  227:      const _Val*
        -:  228:      _M_valptr() const
        -:  229:      { return std::__addressof(_M_value_field); }
        -:  230:#else
        -:  231:      __gnu_cxx::__aligned_membuf<_Val> _M_storage;
        -:  232:
        -:  233:      _Val*
     1499:  234:      _M_valptr()
     1499:  235:      { return _M_storage._M_ptr(); }
------------------
_ZNSt13_Rb_tree_nodeIcE9_M_valptrEv:
       36:  234:      _M_valptr()
       36:  235:      { return _M_storage._M_ptr(); }
       36:  235-block  0
------------------
_ZNSt13_Rb_tree_nodeISt4pairIKcbEE9_M_valptrEv:
      364:  234:      _M_valptr()
      364:  235:      { return _M_storage._M_ptr(); }
      364:  235-block  0
------------------
_ZNSt13_Rb_tree_nodeISt4pairIKccEE9_M_valptrEv:
      304:  234:      _M_valptr()
      304:  235:      { return _M_storage._M_ptr(); }
      304:  235-block  0
------------------
_ZNSt13_Rb_tree_nodeISt4pairIKciEE9_M_valptrEv:
      633:  234:      _M_valptr()
      633:  235:      { return _M_storage._M_ptr(); }
      633:  235-block  0
------------------
_ZNSt13_Rb_tree_nodeISt4pairIKcPN7myGraph4NodeEEE9_M_valptrEv:
      162:  234:      _M_valptr()
      162:  235:      { return _M_storage._M_ptr(); }
      162:  235-block  0
------------------
        -:  236:
        -:  237:      const _Val*
     2043:  238:      _M_valptr() const
     2043:  239:      { return _M_storage._M_ptr(); }
------------------
_ZNKSt13_Rb_tree_nodeIcE9_M_valptrEv:
      158:  238:      _M_valptr() const
      158:  239:      { return _M_storage._M_ptr(); }
      158:  239-block  0
------------------
_ZNKSt13_Rb_tree_nodeISt4pairIKcbEE9_M_valptrEv:
      656:  238:      _M_valptr() const
      656:  239:      { return _M_storage._M_ptr(); }
      656:  239-block  0
------------------
_ZNKSt13_Rb_tree_nodeISt4pairIKccEE9_M_valptrEv:
      403:  238:      _M_valptr() const
      403:  239:      { return _M_storage._M_ptr(); }
      403:  239-block  0
------------------
_ZNKSt13_Rb_tree_nodeISt4pairIKcPN7myGraph4NodeEEE9_M_valptrEv:
      188:  238:      _M_valptr() const
      188:  239:      { return _M_storage._M_ptr(); }
      188:  239-block  0
------------------
_ZNKSt13_Rb_tree_nodeISt4pairIKciEE9_M_valptrEv:
      638:  238:      _M_valptr() const
      638:  239:      { return _M_storage._M_ptr(); }
      638:  239-block  0
------------------
        -:  240:#endif
        -:  241:    };
        -:  242:
        -:  243:  _GLIBCXX_PURE _Rb_tree_node_base*
        -:  244:  _Rb_tree_increment(_Rb_tree_node_base* __x) throw ();
        -:  245:
        -:  246:  _GLIBCXX_PURE const _Rb_tree_node_base*
        -:  247:  _Rb_tree_increment(const _Rb_tree_node_base* __x) throw ();
        -:  248:
        -:  249:  _GLIBCXX_PURE _Rb_tree_node_base*
        -:  250:  _Rb_tree_decrement(_Rb_tree_node_base* __x) throw ();
        -:  251:
        -:  252:  _GLIBCXX_PURE const _Rb_tree_node_base*
        -:  253:  _Rb_tree_decrement(const _Rb_tree_node_base* __x) throw ();
        -:  254:
        -:  255:  template<typename _Tp>
        -:  256:    struct _Rb_tree_iterator
        -:  257:    {
        -:  258:      typedef _Tp  value_type;
        -:  259:      typedef _Tp& reference;
        -:  260:      typedef _Tp* pointer;
        -:  261:
        -:  262:      typedef bidirectional_iterator_tag iterator_category;
        -:  263:      typedef ptrdiff_t			 difference_type;
        -:  264:
        -:  265:      typedef _Rb_tree_iterator<_Tp>		_Self;
        -:  266:      typedef _Rb_tree_node_base::_Base_ptr	_Base_ptr;
        -:  267:      typedef _Rb_tree_node<_Tp>*		_Link_type;
        -:  268:
        1:  269:      _Rb_tree_iterator() _GLIBCXX_NOEXCEPT
        1:  270:      : _M_node() { }
        -:  271:
        -:  272:      explicit
     1264:  273:      _Rb_tree_iterator(_Base_ptr __x) _GLIBCXX_NOEXCEPT
     1264:  274:      : _M_node(__x) { }
------------------
_ZNSt17_Rb_tree_iteratorISt4pairIKcbEEC2EPSt18_Rb_tree_node_base:
      366:  273:      _Rb_tree_iterator(_Base_ptr __x) _GLIBCXX_NOEXCEPT
      366:  274:      : _M_node(__x) { }
------------------
_ZNSt17_Rb_tree_iteratorISt4pairIKccEEC2EPSt18_Rb_tree_node_base:
      202:  273:      _Rb_tree_iterator(_Base_ptr __x) _GLIBCXX_NOEXCEPT
      202:  274:      : _M_node(__x) { }
------------------
_ZNSt17_Rb_tree_iteratorIcEC2EPSt18_Rb_tree_node_base:
      100:  273:      _Rb_tree_iterator(_Base_ptr __x) _GLIBCXX_NOEXCEPT
      100:  274:      : _M_node(__x) { }
------------------
_ZNSt17_Rb_tree_iteratorISt4pairIKciEEC2EPSt18_Rb_tree_node_base:
      469:  273:      _Rb_tree_iterator(_Base_ptr __x) _GLIBCXX_NOEXCEPT
      469:  274:      : _M_node(__x) { }
------------------
_ZNSt17_Rb_tree_iteratorISt4pairIKcPN7myGraph4NodeEEEC2EPSt18_Rb_tree_node_base:
      127:  273:      _Rb_tree_iterator(_Base_ptr __x) _GLIBCXX_NOEXCEPT
      127:  274:      : _M_node(__x) { }
------------------
        -:  275:
        -:  276:      reference
     1036:  277:      operator*() const _GLIBCXX_NOEXCEPT
     1036:  278:      { return *static_cast<_Link_type>(_M_node)->_M_valptr(); }
------------------
_ZNKSt17_Rb_tree_iteratorISt4pairIKcbEEdeEv:
      328:  277:      operator*() const _GLIBCXX_NOEXCEPT
      328:  278:      { return *static_cast<_Link_type>(_M_node)->_M_valptr(); }
      328:  278-block  0
------------------
_ZNKSt17_Rb_tree_iteratorISt4pairIKccEEdeEv:
      126:  277:      operator*() const _GLIBCXX_NOEXCEPT
      126:  278:      { return *static_cast<_Link_type>(_M_node)->_M_valptr(); }
      126:  278-block  0
------------------
_ZNKSt17_Rb_tree_iteratorISt4pairIKcPN7myGraph4NodeEEEdeEv:
       97:  277:      operator*() const _GLIBCXX_NOEXCEPT
       97:  278:      { return *static_cast<_Link_type>(_M_node)->_M_valptr(); }
       97:  278-block  0
------------------
_ZNKSt17_Rb_tree_iteratorISt4pairIKciEEdeEv:
      485:  277:      operator*() const _GLIBCXX_NOEXCEPT
      485:  278:      { return *static_cast<_Link_type>(_M_node)->_M_valptr(); }
      485:  278-block  0
------------------
        -:  279:
        -:  280:      pointer
        9:  281:      operator->() const _GLIBCXX_NOEXCEPT
        9:  282:      { return static_cast<_Link_type> (_M_node)->_M_valptr(); }
        9:  282-block  0
        -:  283:
        -:  284:      _Self&
     257*:  285:      operator++() _GLIBCXX_NOEXCEPT
        -:  286:      {
     257*:  287:	_M_node = _Rb_tree_increment(_M_node);
     257*:  288:	return *this;
        -:  289:      }
------------------
_ZNSt17_Rb_tree_iteratorISt4pairIKcbEEppEv:
    #####:  285:      operator++() _GLIBCXX_NOEXCEPT
        -:  286:      {
    #####:  287:	_M_node = _Rb_tree_increment(_M_node);
    #####:  288:	return *this;
    %%%%%:  288-block  0
        -:  289:      }
------------------
_ZNSt17_Rb_tree_iteratorISt4pairIKccEEppEv:
    #####:  285:      operator++() _GLIBCXX_NOEXCEPT
        -:  286:      {
    #####:  287:	_M_node = _Rb_tree_increment(_M_node);
    #####:  288:	return *this;
    %%%%%:  288-block  0
        -:  289:      }
------------------
_ZNSt17_Rb_tree_iteratorISt4pairIKcPN7myGraph4NodeEEEppEv:
       18:  285:      operator++() _GLIBCXX_NOEXCEPT
        -:  286:      {
       18:  287:	_M_node = _Rb_tree_increment(_M_node);
       18:  288:	return *this;
       18:  288-block  0
        -:  289:      }
------------------
_ZNSt17_Rb_tree_iteratorISt4pairIKciEEppEv:
      239:  285:      operator++() _GLIBCXX_NOEXCEPT
        -:  286:      {
      239:  287:	_M_node = _Rb_tree_increment(_M_node);
      239:  288:	return *this;
      239:  288-block  0
        -:  289:      }
------------------
        -:  290:
        -:  291:      _Self
        9:  292:      operator++(int) _GLIBCXX_NOEXCEPT
        -:  293:      {
        9:  294:	_Self __tmp = *this;
        9:  295:	_M_node = _Rb_tree_increment(_M_node);
        9:  296:	return __tmp;
        9:  296-block  0
        -:  297:      }
        -:  298:
        -:  299:      _Self&
       6*:  300:      operator--() _GLIBCXX_NOEXCEPT
        -:  301:      {
       6*:  302:	_M_node = _Rb_tree_decrement(_M_node);
       6*:  303:	return *this;
        -:  304:      }
------------------
_ZNSt17_Rb_tree_iteratorISt4pairIKcbEEmmEv:
    #####:  300:      operator--() _GLIBCXX_NOEXCEPT
        -:  301:      {
    #####:  302:	_M_node = _Rb_tree_decrement(_M_node);
    #####:  303:	return *this;
    %%%%%:  303-block  0
        -:  304:      }
------------------
_ZNSt17_Rb_tree_iteratorISt4pairIKccEEmmEv:
        1:  300:      operator--() _GLIBCXX_NOEXCEPT
        -:  301:      {
        1:  302:	_M_node = _Rb_tree_decrement(_M_node);
        1:  303:	return *this;
        1:  303-block  0
        -:  304:      }
------------------
_ZNSt17_Rb_tree_iteratorIcEmmEv:
    #####:  300:      operator--() _GLIBCXX_NOEXCEPT
        -:  301:      {
    #####:  302:	_M_node = _Rb_tree_decrement(_M_node);
    #####:  303:	return *this;
    %%%%%:  303-block  0
        -:  304:      }
------------------
_ZNSt17_Rb_tree_iteratorISt4pairIKcPN7myGraph4NodeEEEmmEv:
        4:  300:      operator--() _GLIBCXX_NOEXCEPT
        -:  301:      {
        4:  302:	_M_node = _Rb_tree_decrement(_M_node);
        4:  303:	return *this;
        4:  303-block  0
        -:  304:      }
------------------
_ZNSt17_Rb_tree_iteratorISt4pairIKciEEmmEv:
        1:  300:      operator--() _GLIBCXX_NOEXCEPT
        -:  301:      {
        1:  302:	_M_node = _Rb_tree_decrement(_M_node);
        1:  303:	return *this;
        1:  303-block  0
        -:  304:      }
------------------
        -:  305:
        -:  306:      _Self
        -:  307:      operator--(int) _GLIBCXX_NOEXCEPT
        -:  308:      {
        -:  309:	_Self __tmp = *this;
        -:  310:	_M_node = _Rb_tree_decrement(_M_node);
        -:  311:	return __tmp;
        -:  312:      }
        -:  313:
        -:  314:      friend bool
      755:  315:      operator==(const _Self& __x, const _Self& __y) _GLIBCXX_NOEXCEPT
      755:  316:      { return __x._M_node == __y._M_node; }
------------------
_ZSteqRKSt17_Rb_tree_iteratorIcES2_:
        2:  315:      operator==(const _Self& __x, const _Self& __y) _GLIBCXX_NOEXCEPT
        2:  316:      { return __x._M_node == __y._M_node; }
        2:  316-block  0
------------------
_ZSteqRKSt17_Rb_tree_iteratorISt4pairIKcbEES5_:
      166:  315:      operator==(const _Self& __x, const _Self& __y) _GLIBCXX_NOEXCEPT
      166:  316:      { return __x._M_node == __y._M_node; }
      166:  316-block  0
------------------
_ZSteqRKSt17_Rb_tree_iteratorISt4pairIKccEES5_:
       87:  315:      operator==(const _Self& __x, const _Self& __y) _GLIBCXX_NOEXCEPT
       87:  316:      { return __x._M_node == __y._M_node; }
       87:  316-block  0
------------------
_ZSteqRKSt17_Rb_tree_iteratorISt4pairIKciEES5_:
      423:  315:      operator==(const _Self& __x, const _Self& __y) _GLIBCXX_NOEXCEPT
      423:  316:      { return __x._M_node == __y._M_node; }
      423:  316-block  0
------------------
_ZSteqRKSt17_Rb_tree_iteratorISt4pairIKcPN7myGraph4NodeEEES8_:
       77:  315:      operator==(const _Self& __x, const _Self& __y) _GLIBCXX_NOEXCEPT
       77:  316:      { return __x._M_node == __y._M_node; }
       77:  316-block  0
------------------
        -:  317:
        -:  318:#if ! __cpp_lib_three_way_comparison
        -:  319:      friend bool
        -:  320:      operator!=(const _Self& __x, const _Self& __y) _GLIBCXX_NOEXCEPT
        -:  321:      { return __x._M_node != __y._M_node; }
        -:  322:#endif
        -:  323:
        -:  324:      _Base_ptr _M_node;
        -:  325:  };
        -:  326:
        -:  327:  template<typename _Tp>
        -:  328:    struct _Rb_tree_const_iterator
        -:  329:    {
        -:  330:      typedef _Tp	 value_type;
        -:  331:      typedef const _Tp& reference;
        -:  332:      typedef const _Tp* pointer;
        -:  333:
        -:  334:      typedef _Rb_tree_iterator<_Tp> iterator;
        -:  335:
        -:  336:      typedef bidirectional_iterator_tag iterator_category;
        -:  337:      typedef ptrdiff_t			 difference_type;
        -:  338:
        -:  339:      typedef _Rb_tree_const_iterator<_Tp>		_Self;
        -:  340:      typedef _Rb_tree_node_base::_Const_Base_ptr	_Base_ptr;
        -:  341:      typedef const _Rb_tree_node<_Tp>*			_Link_type;
        -:  342:
        -:  343:      _Rb_tree_const_iterator() _GLIBCXX_NOEXCEPT
        -:  344:      : _M_node() { }
        -:  345:
        -:  346:      explicit
    #####:  347:      _Rb_tree_const_iterator(_Base_ptr __x) _GLIBCXX_NOEXCEPT
    #####:  348:      : _M_node(__x) { }
        -:  349:
     104*:  350:      _Rb_tree_const_iterator(const iterator& __it) _GLIBCXX_NOEXCEPT
     104*:  351:      : _M_node(__it._M_node) { }
------------------
_ZNSt23_Rb_tree_const_iteratorIcEC2ERKSt17_Rb_tree_iteratorIcE:
       80:  350:      _Rb_tree_const_iterator(const iterator& __it) _GLIBCXX_NOEXCEPT
       80:  351:      : _M_node(__it._M_node) { }
------------------
_ZNSt23_Rb_tree_const_iteratorISt4pairIKcbEEC2ERKSt17_Rb_tree_iteratorIS2_E:
    #####:  350:      _Rb_tree_const_iterator(const iterator& __it) _GLIBCXX_NOEXCEPT
    #####:  351:      : _M_node(__it._M_node) { }
------------------
_ZNSt23_Rb_tree_const_iteratorISt4pairIKciEEC2ERKSt17_Rb_tree_iteratorIS2_E:
       14:  350:      _Rb_tree_const_iterator(const iterator& __it) _GLIBCXX_NOEXCEPT
       14:  351:      : _M_node(__it._M_node) { }
------------------
_ZNSt23_Rb_tree_const_iteratorISt4pairIKccEEC2ERKSt17_Rb_tree_iteratorIS2_E:
    #####:  350:      _Rb_tree_const_iterator(const iterator& __it) _GLIBCXX_NOEXCEPT
    #####:  351:      : _M_node(__it._M_node) { }
------------------
_ZNSt23_Rb_tree_const_iteratorISt4pairIKcPN7myGraph4NodeEEEC2ERKSt17_Rb_tree_iteratorIS5_E:
       10:  350:      _Rb_tree_const_iterator(const iterator& __it) _GLIBCXX_NOEXCEPT
       10:  351:      : _M_node(__it._M_node) { }
------------------
        -:  352:
        -:  353:      iterator
      24*:  354:      _M_const_cast() const _GLIBCXX_NOEXCEPT
      24*:  355:      { return iterator(const_cast<typename iterator::_Base_ptr>(_M_node)); }
------------------
_ZNKSt23_Rb_tree_const_iteratorISt4pairIKcbEE13_M_const_castEv:
    #####:  354:      _M_const_cast() const _GLIBCXX_NOEXCEPT
    #####:  355:      { return iterator(const_cast<typename iterator::_Base_ptr>(_M_node)); }
    %%%%%:  355-block  0
------------------
_ZNKSt23_Rb_tree_const_iteratorISt4pairIKciEE13_M_const_castEv:
       14:  354:      _M_const_cast() const _GLIBCXX_NOEXCEPT
       14:  355:      { return iterator(const_cast<typename iterator::_Base_ptr>(_M_node)); }
       14:  355-block  0
------------------
_ZNKSt23_Rb_tree_const_iteratorISt4pairIKccEE13_M_const_castEv:
    #####:  354:      _M_const_cast() const _GLIBCXX_NOEXCEPT
    #####:  355:      { return iterator(const_cast<typename iterator::_Base_ptr>(_M_node)); }
    %%%%%:  355-block  0
------------------
_ZNKSt23_Rb_tree_const_iteratorISt4pairIKcPN7myGraph4NodeEEE13_M_const_castEv:
       10:  354:      _M_const_cast() const _GLIBCXX_NOEXCEPT
       10:  355:      { return iterator(const_cast<typename iterator::_Base_ptr>(_M_node)); }
       10:  355-block  0
------------------
        -:  356:
        -:  357:      reference
        -:  358:      operator*() const _GLIBCXX_NOEXCEPT
        -:  359:      { return *static_cast<_Link_type>(_M_node)->_M_valptr(); }
        -:  360:
        -:  361:      pointer
        -:  362:      operator->() const _GLIBCXX_NOEXCEPT
        -:  363:      { return static_cast<_Link_type>(_M_node)->_M_valptr(); }
        -:  364:
        -:  365:      _Self&
        -:  366:      operator++() _GLIBCXX_NOEXCEPT
        -:  367:      {
        -:  368:	_M_node = _Rb_tree_increment(_M_node);
        -:  369:	return *this;
        -:  370:      }
        -:  371:
        -:  372:      _Self
      16*:  373:      operator++(int) _GLIBCXX_NOEXCEPT
        -:  374:      {
      16*:  375:	_Self __tmp = *this;
      16*:  376:	_M_node = _Rb_tree_increment(_M_node);
      16*:  377:	return __tmp;
        -:  378:      }
------------------
_ZNSt23_Rb_tree_const_iteratorIcEppEi:
       16:  373:      operator++(int) _GLIBCXX_NOEXCEPT
        -:  374:      {
       16:  375:	_Self __tmp = *this;
       16:  376:	_M_node = _Rb_tree_increment(_M_node);
       16:  377:	return __tmp;
       16:  377-block  0
        -:  378:      }
------------------
_ZNSt23_Rb_tree_const_iteratorISt4pairIKcPN7myGraph4NodeEEEppEi:
    #####:  373:      operator++(int) _GLIBCXX_NOEXCEPT
        -:  374:      {
    #####:  375:	_Self __tmp = *this;
    #####:  376:	_M_node = _Rb_tree_increment(_M_node);
    #####:  377:	return __tmp;
    %%%%%:  377-block  0
        -:  378:      }
------------------
_ZNSt23_Rb_tree_const_iteratorISt4pairIKciEEppEi:
    #####:  373:      operator++(int) _GLIBCXX_NOEXCEPT
        -:  374:      {
    #####:  375:	_Self __tmp = *this;
    #####:  376:	_M_node = _Rb_tree_increment(_M_node);
    #####:  377:	return __tmp;
    %%%%%:  377-block  0
        -:  378:      }
------------------
        -:  379:
        -:  380:      _Self&
        -:  381:      operator--() _GLIBCXX_NOEXCEPT
        -:  382:      {
        -:  383:	_M_node = _Rb_tree_decrement(_M_node);
        -:  384:	return *this;
        -:  385:      }
        -:  386:
        -:  387:      _Self
        -:  388:      operator--(int) _GLIBCXX_NOEXCEPT
        -:  389:      {
        -:  390:	_Self __tmp = *this;
        -:  391:	_M_node = _Rb_tree_decrement(_M_node);
        -:  392:	return __tmp;
        -:  393:      }
        -:  394:
        -:  395:      friend bool
      58*:  396:      operator==(const _Self& __x, const _Self& __y) _GLIBCXX_NOEXCEPT
      58*:  397:      { return __x._M_node == __y._M_node; }
------------------
_ZSteqRKSt23_Rb_tree_const_iteratorISt4pairIKcPN7myGraph4NodeEEES8_:
    #####:  396:      operator==(const _Self& __x, const _Self& __y) _GLIBCXX_NOEXCEPT
    #####:  397:      { return __x._M_node == __y._M_node; }
    %%%%%:  397-block  0
------------------
_ZSteqRKSt23_Rb_tree_const_iteratorISt4pairIKciEES5_:
    #####:  396:      operator==(const _Self& __x, const _Self& __y) _GLIBCXX_NOEXCEPT
    #####:  397:      { return __x._M_node == __y._M_node; }
    %%%%%:  397-block  0
------------------
_ZSteqRKSt23_Rb_tree_const_iteratorIcES2_:
       58:  396:      operator==(const _Self& __x, const _Self& __y) _GLIBCXX_NOEXCEPT
       58:  397:      { return __x._M_node == __y._M_node; }
       58:  397-block  0
------------------
        -:  398:
        -:  399:#if ! __cpp_lib_three_way_comparison
        -:  400:      friend bool
        -:  401:      operator!=(const _Self& __x, const _Self& __y) _GLIBCXX_NOEXCEPT
        -:  402:      { return __x._M_node != __y._M_node; }
        -:  403:#endif
        -:  404:
        -:  405:      _Base_ptr _M_node;
        -:  406:    };
        -:  407:
        -:  408:  void
        -:  409:  _Rb_tree_insert_and_rebalance(const bool __insert_left,
        -:  410:				_Rb_tree_node_base* __x,
        -:  411:				_Rb_tree_node_base* __p,
        -:  412:				_Rb_tree_node_base& __header) throw ();
        -:  413:
        -:  414:  _Rb_tree_node_base*
        -:  415:  _Rb_tree_rebalance_for_erase(_Rb_tree_node_base* const __z,
        -:  416:			       _Rb_tree_node_base& __header) throw ();
        -:  417:
        -:  418:#if __cplusplus >= 201402L
        -:  419:  template<typename _Cmp, typename _SfinaeType, typename = __void_t<>>
        -:  420:    struct __has_is_transparent
        -:  421:    { };
        -:  422:
        -:  423:  template<typename _Cmp, typename _SfinaeType>
        -:  424:    struct __has_is_transparent<_Cmp, _SfinaeType,
        -:  425:				__void_t<typename _Cmp::is_transparent>>
        -:  426:    { typedef void type; };
        -:  427:
        -:  428:  template<typename _Cmp, typename _SfinaeType>
        -:  429:    using __has_is_transparent_t
        -:  430:      = typename __has_is_transparent<_Cmp, _SfinaeType>::type;
        -:  431:#endif
        -:  432:
        -:  433:#if __cplusplus > 201402L
        -:  434:  template<typename _Tree1, typename _Cmp2>
        -:  435:    struct _Rb_tree_merge_helper { };
        -:  436:#endif
        -:  437:
        -:  438:  template<typename _Key, typename _Val, typename _KeyOfValue,
        -:  439:	   typename _Compare, typename _Alloc = allocator<_Val> >
        -:  440:    class _Rb_tree
        -:  441:    {
        -:  442:      typedef typename __gnu_cxx::__alloc_traits<_Alloc>::template
        -:  443:	rebind<_Rb_tree_node<_Val> >::other _Node_allocator;
        -:  444:
        -:  445:      typedef __gnu_cxx::__alloc_traits<_Node_allocator> _Alloc_traits;
        -:  446:
        -:  447:    protected:
        -:  448:      typedef _Rb_tree_node_base* 		_Base_ptr;
        -:  449:      typedef const _Rb_tree_node_base* 	_Const_Base_ptr;
        -:  450:      typedef _Rb_tree_node<_Val>* 		_Link_type;
        -:  451:      typedef const _Rb_tree_node<_Val>*	_Const_Link_type;
        -:  452:
        -:  453:    private:
        -:  454:      // Functor recycling a pool of nodes and using allocation once the pool
        -:  455:      // is empty.
        -:  456:      struct _Reuse_or_alloc_node
        -:  457:      {
        8:  458:	_Reuse_or_alloc_node(_Rb_tree& __t)
        8:  459:	: _M_root(__t._M_root()), _M_nodes(__t._M_rightmost()), _M_t(__t)
        8:  459-block  0
        -:  460:	{
        8:  461:	  if (_M_root)
        -:  462:	    {
    #####:  463:	      _M_root->_M_parent = 0;
        -:  464:
    #####:  465:	      if (_M_nodes->_M_left)
    %%%%%:  465-block  0
    #####:  466:		_M_nodes = _M_nodes->_M_left;
    %%%%%:  466-block  0
        -:  467:	    }
        -:  468:	  else
        8:  469:	    _M_nodes = 0;
        8:  469-block  0
        8:  470:	}
        -:  471:
        -:  472:#if __cplusplus >= 201103L
        -:  473:	_Reuse_or_alloc_node(const _Reuse_or_alloc_node&) = delete;
        -:  474:#endif
        -:  475:
        8:  476:	~_Reuse_or_alloc_node()
        8:  477:	{ _M_t._M_erase(static_cast<_Link_type>(_M_root)); }
        8:  477-block  0
        -:  478:
        -:  479:	template<typename _Arg>
        -:  480:	  _Link_type
        -:  481:#if __cplusplus < 201103L
        -:  482:	  operator()(const _Arg& __arg)
        -:  483:#else
       14:  484:	  operator()(_Arg&& __arg)
        -:  485:#endif
        -:  486:	  {
       14:  487:	    _Link_type __node = static_cast<_Link_type>(_M_extract());
       14:  487-block  0
       14:  488:	    if (__node)
        -:  489:	      {
    #####:  490:		_M_t._M_destroy_node(__node);
    %%%%%:  490-block  0
    #####:  491:		_M_t._M_construct_node(__node, _GLIBCXX_FORWARD(_Arg, __arg));
    #####:  492:		return __node;
        -:  493:	      }
        -:  494:
       14:  495:	    return _M_t._M_create_node(_GLIBCXX_FORWARD(_Arg, __arg));
       14:  495-block  0
        -:  496:	  }
        -:  497:
        -:  498:      private:
        -:  499:	_Base_ptr
       14:  500:	_M_extract()
        -:  501:	{
       14:  502:	  if (!_M_nodes)
       14:  502-block  0
       14:  503:	    return _M_nodes;
       14:  503-block  0
        -:  504:
    #####:  505:	  _Base_ptr __node = _M_nodes;
    #####:  506:	  _M_nodes = _M_nodes->_M_parent;
    #####:  507:	  if (_M_nodes)
    %%%%%:  507-block  0
        -:  508:	    {
    #####:  509:	      if (_M_nodes->_M_right == __node)
    %%%%%:  509-block  0
        -:  510:		{
    #####:  511:		  _M_nodes->_M_right = 0;
        -:  512:
    #####:  513:		  if (_M_nodes->_M_left)
    %%%%%:  513-block  0
        -:  514:		    {
    #####:  515:		      _M_nodes = _M_nodes->_M_left;
    %%%%%:  515-block  0
        -:  516:
    #####:  517:		      while (_M_nodes->_M_right)
    %%%%%:  517-block  0
    #####:  518:			_M_nodes = _M_nodes->_M_right;
    %%%%%:  518-block  0
        -:  519:
    #####:  520:		      if (_M_nodes->_M_left)
    %%%%%:  520-block  0
    #####:  521:			_M_nodes = _M_nodes->_M_left;
    %%%%%:  521-block  0
        -:  522:		    }
        -:  523:		}
        -:  524:	      else // __node is on the left.
    #####:  525:		_M_nodes->_M_left = 0;
    %%%%%:  525-block  0
        -:  526:	    }
        -:  527:	  else
    #####:  528:	    _M_root = 0;
    %%%%%:  528-block  0
        -:  529:
    #####:  530:	  return __node;
    %%%%%:  530-block  0
        -:  531:	}
        -:  532:
        -:  533:	_Base_ptr _M_root;
        -:  534:	_Base_ptr _M_nodes;
        -:  535:	_Rb_tree& _M_t;
        -:  536:      };
        -:  537:
        -:  538:      // Functor similar to the previous one but without any pool of nodes to
        -:  539:      // recycle.
        -:  540:      struct _Alloc_node
        -:  541:      {
       45:  542:	_Alloc_node(_Rb_tree& __t)
       45:  543:	: _M_t(__t) { }
------------------
_ZNSt8_Rb_treeIcSt4pairIKcPN7myGraph4NodeEESt10_Select1stIS5_ESt4lessIcESaIS5_EE11_Alloc_nodeC2ERSB_:
        2:  542:	_Alloc_node(_Rb_tree& __t)
        2:  543:	: _M_t(__t) { }
------------------
_ZNSt8_Rb_treeIcSt4pairIKccESt10_Select1stIS2_ESt4lessIcESaIS2_EE11_Alloc_nodeC2ERS8_:
        9:  542:	_Alloc_node(_Rb_tree& __t)
        9:  543:	: _M_t(__t) { }
------------------
_ZNSt8_Rb_treeIccSt9_IdentityIcESt4lessIcESaIcEE11_Alloc_nodeC2ERS5_:
       18:  542:	_Alloc_node(_Rb_tree& __t)
       18:  543:	: _M_t(__t) { }
------------------
_ZNSt8_Rb_treeIcSt4pairIKciESt10_Select1stIS2_ESt4lessIcESaIS2_EE11_Alloc_nodeC2ERS8_:
       16:  542:	_Alloc_node(_Rb_tree& __t)
       16:  543:	: _M_t(__t) { }
------------------
        -:  544:
        -:  545:	template<typename _Arg>
        -:  546:	  _Link_type
        -:  547:#if __cplusplus < 201103L
        -:  548:	  operator()(const _Arg& __arg) const
        -:  549:#else
     136*:  550:	  operator()(_Arg&& __arg) const
        -:  551:#endif
     136*:  552:	  { return _M_t._M_create_node(_GLIBCXX_FORWARD(_Arg, __arg)); }
------------------
_ZNKSt8_Rb_treeIcSt4pairIKccESt10_Select1stIS2_ESt4lessIcESaIS2_EE11_Alloc_nodeclIRKS2_EEPSt13_Rb_tree_nodeIS2_EOT_:
       72:  550:	  operator()(_Arg&& __arg) const
        -:  551:#endif
       72:  552:	  { return _M_t._M_create_node(_GLIBCXX_FORWARD(_Arg, __arg)); }
       72:  552-block  0
------------------
_ZNKSt8_Rb_treeIcSt4pairIKcPN7myGraph4NodeEESt10_Select1stIS5_ESt4lessIcESaIS5_EE11_Alloc_nodeclIRKS5_EEPSt13_Rb_tree_nodeIS5_EOT_:
       18:  550:	  operator()(_Arg&& __arg) const
        -:  551:#endif
       18:  552:	  { return _M_t._M_create_node(_GLIBCXX_FORWARD(_Arg, __arg)); }
       18:  552-block  0
------------------
_ZNKSt8_Rb_treeIcSt4pairIKciESt10_Select1stIS2_ESt4lessIcESaIS2_EE11_Alloc_nodeclIRKS2_EEPSt13_Rb_tree_nodeIS2_EOT_:
       28:  550:	  operator()(_Arg&& __arg) const
        -:  551:#endif
       28:  552:	  { return _M_t._M_create_node(_GLIBCXX_FORWARD(_Arg, __arg)); }
       28:  552-block  0
------------------
_ZNKSt8_Rb_treeIcSt4pairIKccESt10_Select1stIS2_ESt4lessIcESaIS2_EE11_Alloc_nodeclIS2_EEPSt13_Rb_tree_nodeIS2_EOT_:
    #####:  550:	  operator()(_Arg&& __arg) const
        -:  551:#endif
    #####:  552:	  { return _M_t._M_create_node(_GLIBCXX_FORWARD(_Arg, __arg)); }
    %%%%%:  552-block  0
------------------
_ZNKSt8_Rb_treeIcSt4pairIKciESt10_Select1stIS2_ESt4lessIcESaIS2_EE11_Alloc_nodeclIS2_EEPSt13_Rb_tree_nodeIS2_EOT_:
    #####:  550:	  operator()(_Arg&& __arg) const
        -:  551:#endif
    #####:  552:	  { return _M_t._M_create_node(_GLIBCXX_FORWARD(_Arg, __arg)); }
    %%%%%:  552-block  0
------------------
_ZNKSt8_Rb_treeIccSt9_IdentityIcESt4lessIcESaIcEE11_Alloc_nodeclIRKcEEPSt13_Rb_tree_nodeIcEOT_:
       18:  550:	  operator()(_Arg&& __arg) const
        -:  551:#endif
       18:  552:	  { return _M_t._M_create_node(_GLIBCXX_FORWARD(_Arg, __arg)); }
       18:  552-block  0
------------------
        -:  553:
        -:  554:      private:
        -:  555:	_Rb_tree& _M_t;
        -:  556:      };
        -:  557:
        -:  558:    public:
        -:  559:      typedef _Key 				key_type;
        -:  560:      typedef _Val 				value_type;
        -:  561:      typedef value_type* 			pointer;
        -:  562:      typedef const value_type* 		const_pointer;
        -:  563:      typedef value_type& 			reference;
        -:  564:      typedef const value_type& 		const_reference;
        -:  565:      typedef size_t 				size_type;
        -:  566:      typedef ptrdiff_t 			difference_type;
        -:  567:      typedef _Alloc 				allocator_type;
        -:  568:
        -:  569:      _Node_allocator&
      908:  570:      _M_get_Node_allocator() _GLIBCXX_NOEXCEPT
      908:  571:      { return this->_M_impl; }
------------------
_ZNSt8_Rb_treeIcSt4pairIKcbESt10_Select1stIS2_ESt4lessIcESaIS2_EE21_M_get_Node_allocatorEv:
       72:  570:      _M_get_Node_allocator() _GLIBCXX_NOEXCEPT
       72:  571:      { return this->_M_impl; }
       72:  571-block  0
------------------
_ZNSt8_Rb_treeIccSt9_IdentityIcESt4lessIcESaIcEE21_M_get_Node_allocatorEv:
       72:  570:      _M_get_Node_allocator() _GLIBCXX_NOEXCEPT
       72:  571:      { return this->_M_impl; }
       72:  571-block  0
------------------
_ZNSt8_Rb_treeIcSt4pairIKccESt10_Select1stIS2_ESt4lessIcESaIS2_EE21_M_get_Node_allocatorEv:
      356:  570:      _M_get_Node_allocator() _GLIBCXX_NOEXCEPT
      356:  571:      { return this->_M_impl; }
      356:  571-block  0
------------------
_ZNSt8_Rb_treeIcSt4pairIKcPN7myGraph4NodeEESt10_Select1stIS5_ESt4lessIcESaIS5_EE21_M_get_Node_allocatorEv:
      112:  570:      _M_get_Node_allocator() _GLIBCXX_NOEXCEPT
      112:  571:      { return this->_M_impl; }
      112:  571-block  0
------------------
_ZNSt8_Rb_treeIcSt4pairIKciESt10_Select1stIS2_ESt4lessIcESaIS2_EE21_M_get_Node_allocatorEv:
      296:  570:      _M_get_Node_allocator() _GLIBCXX_NOEXCEPT
      296:  571:      { return this->_M_impl; }
      296:  571-block  0
------------------
        -:  572:
        -:  573:      const _Node_allocator&
    #####:  574:      _M_get_Node_allocator() const _GLIBCXX_NOEXCEPT
    #####:  575:      { return this->_M_impl; }
    %%%%%:  575-block  0
        -:  576:
        -:  577:      allocator_type
        -:  578:      get_allocator() const _GLIBCXX_NOEXCEPT
        -:  579:      { return allocator_type(_M_get_Node_allocator()); }
        -:  580:
        -:  581:    protected:
        -:  582:      _Link_type
      227:  583:      _M_get_node()
      227:  584:      { return _Alloc_traits::allocate(_M_get_Node_allocator(), 1); }
------------------
_ZNSt8_Rb_treeIccSt9_IdentityIcESt4lessIcESaIcEE11_M_get_nodeEv:
       18:  583:      _M_get_node()
       18:  584:      { return _Alloc_traits::allocate(_M_get_Node_allocator(), 1); }
       18:  584-block  0
------------------
_ZNSt8_Rb_treeIcSt4pairIKcbESt10_Select1stIS2_ESt4lessIcESaIS2_EE11_M_get_nodeEv:
       18:  583:      _M_get_node()
       18:  584:      { return _Alloc_traits::allocate(_M_get_Node_allocator(), 1); }
       18:  584-block  0
------------------
_ZNSt8_Rb_treeIcSt4pairIKccESt10_Select1stIS2_ESt4lessIcESaIS2_EE11_M_get_nodeEv:
       89:  583:      _M_get_node()
       89:  584:      { return _Alloc_traits::allocate(_M_get_Node_allocator(), 1); }
       89:  584-block  0
------------------
_ZNSt8_Rb_treeIcSt4pairIKcPN7myGraph4NodeEESt10_Select1stIS5_ESt4lessIcESaIS5_EE11_M_get_nodeEv:
       28:  583:      _M_get_node()
       28:  584:      { return _Alloc_traits::allocate(_M_get_Node_allocator(), 1); }
       28:  584-block  0
------------------
_ZNSt8_Rb_treeIcSt4pairIKciESt10_Select1stIS2_ESt4lessIcESaIS2_EE11_M_get_nodeEv:
       74:  583:      _M_get_node()
       74:  584:      { return _Alloc_traits::allocate(_M_get_Node_allocator(), 1); }
       74:  584-block  0
------------------
        -:  585:
        -:  586:      void
      227:  587:      _M_put_node(_Link_type __p) _GLIBCXX_NOEXCEPT
      227:  588:      { _Alloc_traits::deallocate(_M_get_Node_allocator(), __p, 1); }
------------------
_ZNSt8_Rb_treeIcSt4pairIKcbESt10_Select1stIS2_ESt4lessIcESaIS2_EE11_M_put_nodeEPSt13_Rb_tree_nodeIS2_E:
       18:  587:      _M_put_node(_Link_type __p) _GLIBCXX_NOEXCEPT
       18:  588:      { _Alloc_traits::deallocate(_M_get_Node_allocator(), __p, 1); }
       18:  588-block  0
------------------
_ZNSt8_Rb_treeIccSt9_IdentityIcESt4lessIcESaIcEE11_M_put_nodeEPSt13_Rb_tree_nodeIcE:
       18:  587:      _M_put_node(_Link_type __p) _GLIBCXX_NOEXCEPT
       18:  588:      { _Alloc_traits::deallocate(_M_get_Node_allocator(), __p, 1); }
       18:  588-block  0
------------------
_ZNSt8_Rb_treeIcSt4pairIKccESt10_Select1stIS2_ESt4lessIcESaIS2_EE11_M_put_nodeEPSt13_Rb_tree_nodeIS2_E:
       89:  587:      _M_put_node(_Link_type __p) _GLIBCXX_NOEXCEPT
       89:  588:      { _Alloc_traits::deallocate(_M_get_Node_allocator(), __p, 1); }
       89:  588-block  0
------------------
_ZNSt8_Rb_treeIcSt4pairIKcPN7myGraph4NodeEESt10_Select1stIS5_ESt4lessIcESaIS5_EE11_M_put_nodeEPSt13_Rb_tree_nodeIS5_E:
       28:  587:      _M_put_node(_Link_type __p) _GLIBCXX_NOEXCEPT
       28:  588:      { _Alloc_traits::deallocate(_M_get_Node_allocator(), __p, 1); }
       28:  588-block  0
------------------
_ZNSt8_Rb_treeIcSt4pairIKciESt10_Select1stIS2_ESt4lessIcESaIS2_EE11_M_put_nodeEPSt13_Rb_tree_nodeIS2_E:
       74:  587:      _M_put_node(_Link_type __p) _GLIBCXX_NOEXCEPT
       74:  588:      { _Alloc_traits::deallocate(_M_get_Node_allocator(), __p, 1); }
       74:  588-block  0
------------------
        -:  589:
        -:  590:#if __cplusplus < 201103L
        -:  591:      void
        -:  592:      _M_construct_node(_Link_type __node, const value_type& __x)
        -:  593:      {
        -:  594:	__try
        -:  595:	  { get_allocator().construct(__node->_M_valptr(), __x); }
        -:  596:	__catch(...)
        -:  597:	  {
        -:  598:	    _M_put_node(__node);
        -:  599:	    __throw_exception_again;
        -:  600:	  }
        -:  601:      }
        -:  602:
        -:  603:      _Link_type
        -:  604:      _M_create_node(const value_type& __x)
        -:  605:      {
        -:  606:	_Link_type __tmp = _M_get_node();
        -:  607:	_M_construct_node(__tmp, __x);
        -:  608:	return __tmp;
        -:  609:      }
        -:  610:#else
        -:  611:      template<typename... _Args>
        -:  612:	void
     227*:  613:	_M_construct_node(_Link_type __node, _Args&&... __args)
        -:  614:	{
        -:  615:	  __try
        -:  616:	    {
     227*:  617:	      ::new(__node) _Rb_tree_node<_Val>;
     227*:  618:	      _Alloc_traits::construct(_M_get_Node_allocator(),
        -:  619:				       __node->_M_valptr(),
        -:  620:				       std::forward<_Args>(__args)...);
        -:  621:	    }
    =====:  622:	  __catch(...)
        -:  623:	    {
    =====:  624:	      __node->~_Rb_tree_node<_Val>();
    =====:  625:	      _M_put_node(__node);
    =====:  626:	      __throw_exception_again;
        -:  627:	    }
     227*:  628:	}
------------------
_ZNSt8_Rb_treeIcSt4pairIKccESt10_Select1stIS2_ESt4lessIcESaIS2_EE17_M_construct_nodeIJRKS2_EEEvPSt13_Rb_tree_nodeIS2_EDpOT_:
       72:  613:	_M_construct_node(_Link_type __node, _Args&&... __args)
        -:  614:	{
        -:  615:	  __try
        -:  616:	    {
       72:  617:	      ::new(__node) _Rb_tree_node<_Val>;
       72:  617-block  0
       72:  618:	      _Alloc_traits::construct(_M_get_Node_allocator(),
        -:  619:				       __node->_M_valptr(),
        -:  620:				       std::forward<_Args>(__args)...);
        -:  621:	    }
        -:  622:	  __catch(...)
        -:  623:	    {
        -:  624:	      __node->~_Rb_tree_node<_Val>();
        -:  625:	      _M_put_node(__node);
        -:  626:	      __throw_exception_again;
        -:  627:	    }
       72:  628:	}
------------------
_ZNSt8_Rb_treeIcSt4pairIKcPN7myGraph4NodeEESt10_Select1stIS5_ESt4lessIcESaIS5_EE17_M_construct_nodeIJRKS5_EEEvPSt13_Rb_tree_nodeIS5_EDpOT_:
       18:  613:	_M_construct_node(_Link_type __node, _Args&&... __args)
        -:  614:	{
        -:  615:	  __try
        -:  616:	    {
       18:  617:	      ::new(__node) _Rb_tree_node<_Val>;
       18:  617-block  0
       18:  618:	      _Alloc_traits::construct(_M_get_Node_allocator(),
        -:  619:				       __node->_M_valptr(),
        -:  620:				       std::forward<_Args>(__args)...);
        -:  621:	    }
        -:  622:	  __catch(...)
        -:  623:	    {
        -:  624:	      __node->~_Rb_tree_node<_Val>();
        -:  625:	      _M_put_node(__node);
        -:  626:	      __throw_exception_again;
        -:  627:	    }
       18:  628:	}
------------------
_ZNSt8_Rb_treeIcSt4pairIKccESt10_Select1stIS2_ESt4lessIcESaIS2_EE17_M_construct_nodeIJS2_EEEvPSt13_Rb_tree_nodeIS2_EDpOT_:
    #####:  613:	_M_construct_node(_Link_type __node, _Args&&... __args)
        -:  614:	{
        -:  615:	  __try
        -:  616:	    {
    #####:  617:	      ::new(__node) _Rb_tree_node<_Val>;
    %%%%%:  617-block  0
    #####:  618:	      _Alloc_traits::construct(_M_get_Node_allocator(),
        -:  619:				       __node->_M_valptr(),
        -:  620:				       std::forward<_Args>(__args)...);
        -:  621:	    }
        -:  622:	  __catch(...)
        -:  623:	    {
        -:  624:	      __node->~_Rb_tree_node<_Val>();
        -:  625:	      _M_put_node(__node);
        -:  626:	      __throw_exception_again;
        -:  627:	    }
    #####:  628:	}
------------------
_ZNSt8_Rb_treeIcSt4pairIKciESt10_Select1stIS2_ESt4lessIcESaIS2_EE17_M_construct_nodeIJS2_EEEvPSt13_Rb_tree_nodeIS2_EDpOT_:
    #####:  613:	_M_construct_node(_Link_type __node, _Args&&... __args)
        -:  614:	{
        -:  615:	  __try
        -:  616:	    {
    #####:  617:	      ::new(__node) _Rb_tree_node<_Val>;
    %%%%%:  617-block  0
    #####:  618:	      _Alloc_traits::construct(_M_get_Node_allocator(),
        -:  619:				       __node->_M_valptr(),
        -:  620:				       std::forward<_Args>(__args)...);
        -:  621:	    }
        -:  622:	  __catch(...)
        -:  623:	    {
        -:  624:	      __node->~_Rb_tree_node<_Val>();
        -:  625:	      _M_put_node(__node);
        -:  626:	      __throw_exception_again;
        -:  627:	    }
    #####:  628:	}
------------------
_ZNSt8_Rb_treeIccSt9_IdentityIcESt4lessIcESaIcEE17_M_construct_nodeIJRKcEEEvPSt13_Rb_tree_nodeIcEDpOT_:
       18:  613:	_M_construct_node(_Link_type __node, _Args&&... __args)
        -:  614:	{
        -:  615:	  __try
        -:  616:	    {
       18:  617:	      ::new(__node) _Rb_tree_node<_Val>;
       18:  617-block  0
       18:  618:	      _Alloc_traits::construct(_M_get_Node_allocator(),
        -:  619:				       __node->_M_valptr(),
        -:  620:				       std::forward<_Args>(__args)...);
        -:  621:	    }
        -:  622:	  __catch(...)
        -:  623:	    {
        -:  624:	      __node->~_Rb_tree_node<_Val>();
        -:  625:	      _M_put_node(__node);
        -:  626:	      __throw_exception_again;
        -:  627:	    }
       18:  628:	}
------------------
_ZNSt8_Rb_treeIcSt4pairIKciESt10_Select1stIS2_ESt4lessIcESaIS2_EE17_M_construct_nodeIJRKS2_EEEvPSt13_Rb_tree_nodeIS2_EDpOT_:
       42:  613:	_M_construct_node(_Link_type __node, _Args&&... __args)
        -:  614:	{
        -:  615:	  __try
        -:  616:	    {
       42:  617:	      ::new(__node) _Rb_tree_node<_Val>;
       42:  617-block  0
       42:  618:	      _Alloc_traits::construct(_M_get_Node_allocator(),
        -:  619:				       __node->_M_valptr(),
        -:  620:				       std::forward<_Args>(__args)...);
        -:  621:	    }
        -:  622:	  __catch(...)
        -:  623:	    {
        -:  624:	      __node->~_Rb_tree_node<_Val>();
        -:  625:	      _M_put_node(__node);
        -:  626:	      __throw_exception_again;
        -:  627:	    }
       42:  628:	}
------------------
_ZNSt8_Rb_treeIcSt4pairIKcbESt10_Select1stIS2_ESt4lessIcESaIS2_EE17_M_construct_nodeIJRKSt21piecewise_construct_tSt5tupleIJRS1_EESD_IJEEEEEvPSt13_Rb_tree_nodeIS2_EDpOT_:
    #####:  613:	_M_construct_node(_Link_type __node, _Args&&... __args)
        -:  614:	{
        -:  615:	  __try
        -:  616:	    {
    #####:  617:	      ::new(__node) _Rb_tree_node<_Val>;
    %%%%%:  617-block  0
    #####:  618:	      _Alloc_traits::construct(_M_get_Node_allocator(),
        -:  619:				       __node->_M_valptr(),
        -:  620:				       std::forward<_Args>(__args)...);
        -:  621:	    }
    =====:  622:	  __catch(...)
    $$$$$:  622-block  0
    $$$$$:  622-block  1
    $$$$$:  622-block  2
        -:  623:	    {
    =====:  624:	      __node->~_Rb_tree_node<_Val>();
    =====:  625:	      _M_put_node(__node);
    =====:  626:	      __throw_exception_again;
        -:  627:	    }
    #####:  628:	}
    %%%%%:  628-block  0
------------------
_ZNSt8_Rb_treeIcSt4pairIKccESt10_Select1stIS2_ESt4lessIcESaIS2_EE17_M_construct_nodeIJS0_IccEEEEvPSt13_Rb_tree_nodeIS2_EDpOT_:
       17:  613:	_M_construct_node(_Link_type __node, _Args&&... __args)
        -:  614:	{
        -:  615:	  __try
        -:  616:	    {
       17:  617:	      ::new(__node) _Rb_tree_node<_Val>;
       17:  617-block  0
       17:  618:	      _Alloc_traits::construct(_M_get_Node_allocator(),
        -:  619:				       __node->_M_valptr(),
        -:  620:				       std::forward<_Args>(__args)...);
        -:  621:	    }
    =====:  622:	  __catch(...)
    $$$$$:  622-block  0
    $$$$$:  622-block  1
    $$$$$:  622-block  2
        -:  623:	    {
    =====:  624:	      __node->~_Rb_tree_node<_Val>();
    =====:  625:	      _M_put_node(__node);
    =====:  626:	      __throw_exception_again;
        -:  627:	    }
       17:  628:	}
       17:  628-block  0
------------------
_ZNSt8_Rb_treeIcSt4pairIKcbESt10_Select1stIS2_ESt4lessIcESaIS2_EE17_M_construct_nodeIJS0_IcbEEEEvPSt13_Rb_tree_nodeIS2_EDpOT_:
       18:  613:	_M_construct_node(_Link_type __node, _Args&&... __args)
        -:  614:	{
        -:  615:	  __try
        -:  616:	    {
       18:  617:	      ::new(__node) _Rb_tree_node<_Val>;
       18:  617-block  0
       18:  618:	      _Alloc_traits::construct(_M_get_Node_allocator(),
        -:  619:				       __node->_M_valptr(),
        -:  620:				       std::forward<_Args>(__args)...);
        -:  621:	    }
    =====:  622:	  __catch(...)
    $$$$$:  622-block  0
    $$$$$:  622-block  1
    $$$$$:  622-block  2
        -:  623:	    {
    =====:  624:	      __node->~_Rb_tree_node<_Val>();
    =====:  625:	      _M_put_node(__node);
    =====:  626:	      __throw_exception_again;
        -:  627:	    }
       18:  628:	}
       18:  628-block  0
------------------
_ZNSt8_Rb_treeIcSt4pairIKciESt10_Select1stIS2_ESt4lessIcESaIS2_EE17_M_construct_nodeIJRKSt21piecewise_construct_tSt5tupleIJRS1_EESD_IJEEEEEvPSt13_Rb_tree_nodeIS2_EDpOT_:
    #####:  613:	_M_construct_node(_Link_type __node, _Args&&... __args)
        -:  614:	{
        -:  615:	  __try
        -:  616:	    {
    #####:  617:	      ::new(__node) _Rb_tree_node<_Val>;
    %%%%%:  617-block  0
    #####:  618:	      _Alloc_traits::construct(_M_get_Node_allocator(),
        -:  619:				       __node->_M_valptr(),
        -:  620:				       std::forward<_Args>(__args)...);
        -:  621:	    }
    =====:  622:	  __catch(...)
    $$$$$:  622-block  0
    $$$$$:  622-block  1
    $$$$$:  622-block  2
        -:  623:	    {
    =====:  624:	      __node->~_Rb_tree_node<_Val>();
    =====:  625:	      _M_put_node(__node);
    =====:  626:	      __throw_exception_again;
        -:  627:	    }
    #####:  628:	}
    %%%%%:  628-block  0
------------------
_ZNSt8_Rb_treeIcSt4pairIKccESt10_Select1stIS2_ESt4lessIcESaIS2_EE17_M_construct_nodeIJRKSt21piecewise_construct_tSt5tupleIJRS1_EESD_IJEEEEEvPSt13_Rb_tree_nodeIS2_EDpOT_:
    #####:  613:	_M_construct_node(_Link_type __node, _Args&&... __args)
        -:  614:	{
        -:  615:	  __try
        -:  616:	    {
    #####:  617:	      ::new(__node) _Rb_tree_node<_Val>;
    %%%%%:  617-block  0
    #####:  618:	      _Alloc_traits::construct(_M_get_Node_allocator(),
        -:  619:				       __node->_M_valptr(),
        -:  620:				       std::forward<_Args>(__args)...);
        -:  621:	    }
    =====:  622:	  __catch(...)
    $$$$$:  622-block  0
    $$$$$:  622-block  1
    $$$$$:  622-block  2
        -:  623:	    {
    =====:  624:	      __node->~_Rb_tree_node<_Val>();
    =====:  625:	      _M_put_node(__node);
    =====:  626:	      __throw_exception_again;
        -:  627:	    }
    #####:  628:	}
    %%%%%:  628-block  0
------------------
_ZNSt8_Rb_treeIcSt4pairIKcPN7myGraph4NodeEESt10_Select1stIS5_ESt4lessIcESaIS5_EE17_M_construct_nodeIJRKSt21piecewise_construct_tSt5tupleIJRS1_EESG_IJEEEEEvPSt13_Rb_tree_nodeIS5_EDpOT_:
       10:  613:	_M_construct_node(_Link_type __node, _Args&&... __args)
        -:  614:	{
        -:  615:	  __try
        -:  616:	    {
       10:  617:	      ::new(__node) _Rb_tree_node<_Val>;
       10:  617-block  0
       10:  618:	      _Alloc_traits::construct(_M_get_Node_allocator(),
        -:  619:				       __node->_M_valptr(),
        -:  620:				       std::forward<_Args>(__args)...);
        -:  621:	    }
    =====:  622:	  __catch(...)
    $$$$$:  622-block  0
    $$$$$:  622-block  1
    $$$$$:  622-block  2
        -:  623:	    {
    =====:  624:	      __node->~_Rb_tree_node<_Val>();
    =====:  625:	      _M_put_node(__node);
    =====:  626:	      __throw_exception_again;
        -:  627:	    }
       10:  628:	}
       10:  628-block  0
------------------
_ZNSt8_Rb_treeIcSt4pairIKciESt10_Select1stIS2_ESt4lessIcESaIS2_EE17_M_construct_nodeIJS0_IciEEEEvPSt13_Rb_tree_nodeIS2_EDpOT_:
       32:  613:	_M_construct_node(_Link_type __node, _Args&&... __args)
        -:  614:	{
        -:  615:	  __try
        -:  616:	    {
       32:  617:	      ::new(__node) _Rb_tree_node<_Val>;
       32:  617-block  0
       32:  618:	      _Alloc_traits::construct(_M_get_Node_allocator(),
        -:  619:				       __node->_M_valptr(),
        -:  620:				       std::forward<_Args>(__args)...);
        -:  621:	    }
    =====:  622:	  __catch(...)
    $$$$$:  622-block  0
    $$$$$:  622-block  1
    $$$$$:  622-block  2
        -:  623:	    {
    =====:  624:	      __node->~_Rb_tree_node<_Val>();
    =====:  625:	      _M_put_node(__node);
    =====:  626:	      __throw_exception_again;
        -:  627:	    }
       32:  628:	}
       32:  628-block  0
------------------
        -:  629:
        -:  630:      template<typename... _Args>
        -:  631:	_Link_type
     227*:  632:	_M_create_node(_Args&&... __args)
        -:  633:	{
     227*:  634:	  _Link_type __tmp = _M_get_node();
     227*:  635:	  _M_construct_node(__tmp, std::forward<_Args>(__args)...);
     227*:  636:	  return __tmp;
        -:  637:	}
------------------
_ZNSt8_Rb_treeIcSt4pairIKccESt10_Select1stIS2_ESt4lessIcESaIS2_EE14_M_create_nodeIJRKS2_EEEPSt13_Rb_tree_nodeIS2_EDpOT_:
       72:  632:	_M_create_node(_Args&&... __args)
        -:  633:	{
       72:  634:	  _Link_type __tmp = _M_get_node();
       72:  634-block  0
       72:  635:	  _M_construct_node(__tmp, std::forward<_Args>(__args)...);
       72:  636:	  return __tmp;
        -:  637:	}
------------------
_ZNSt8_Rb_treeIcSt4pairIKcPN7myGraph4NodeEESt10_Select1stIS5_ESt4lessIcESaIS5_EE14_M_create_nodeIJRKS5_EEEPSt13_Rb_tree_nodeIS5_EDpOT_:
       18:  632:	_M_create_node(_Args&&... __args)
        -:  633:	{
       18:  634:	  _Link_type __tmp = _M_get_node();
       18:  634-block  0
       18:  635:	  _M_construct_node(__tmp, std::forward<_Args>(__args)...);
       18:  636:	  return __tmp;
        -:  637:	}
------------------
_ZNSt8_Rb_treeIcSt4pairIKciESt10_Select1stIS2_ESt4lessIcESaIS2_EE14_M_create_nodeIJRKS2_EEEPSt13_Rb_tree_nodeIS2_EDpOT_:
       42:  632:	_M_create_node(_Args&&... __args)
        -:  633:	{
       42:  634:	  _Link_type __tmp = _M_get_node();
       42:  634-block  0
       42:  635:	  _M_construct_node(__tmp, std::forward<_Args>(__args)...);
       42:  636:	  return __tmp;
        -:  637:	}
------------------
_ZNSt8_Rb_treeIcSt4pairIKccESt10_Select1stIS2_ESt4lessIcESaIS2_EE14_M_create_nodeIJS2_EEEPSt13_Rb_tree_nodeIS2_EDpOT_:
    #####:  632:	_M_create_node(_Args&&... __args)
        -:  633:	{
    #####:  634:	  _Link_type __tmp = _M_get_node();
    %%%%%:  634-block  0
    #####:  635:	  _M_construct_node(__tmp, std::forward<_Args>(__args)...);
    #####:  636:	  return __tmp;
        -:  637:	}
------------------
_ZNSt8_Rb_treeIcSt4pairIKciESt10_Select1stIS2_ESt4lessIcESaIS2_EE14_M_create_nodeIJS2_EEEPSt13_Rb_tree_nodeIS2_EDpOT_:
    #####:  632:	_M_create_node(_Args&&... __args)
        -:  633:	{
    #####:  634:	  _Link_type __tmp = _M_get_node();
    %%%%%:  634-block  0
    #####:  635:	  _M_construct_node(__tmp, std::forward<_Args>(__args)...);
    #####:  636:	  return __tmp;
        -:  637:	}
------------------
_ZNSt8_Rb_treeIccSt9_IdentityIcESt4lessIcESaIcEE14_M_create_nodeIJRKcEEEPSt13_Rb_tree_nodeIcEDpOT_:
       18:  632:	_M_create_node(_Args&&... __args)
        -:  633:	{
       18:  634:	  _Link_type __tmp = _M_get_node();
       18:  634-block  0
       18:  635:	  _M_construct_node(__tmp, std::forward<_Args>(__args)...);
       18:  636:	  return __tmp;
        -:  637:	}
------------------
_ZNSt8_Rb_treeIcSt4pairIKcbESt10_Select1stIS2_ESt4lessIcESaIS2_EE14_M_create_nodeIJRKSt21piecewise_construct_tSt5tupleIJRS1_EESD_IJEEEEEPSt13_Rb_tree_nodeIS2_EDpOT_:
    #####:  632:	_M_create_node(_Args&&... __args)
        -:  633:	{
    #####:  634:	  _Link_type __tmp = _M_get_node();
    %%%%%:  634-block  0
    #####:  635:	  _M_construct_node(__tmp, std::forward<_Args>(__args)...);
    #####:  636:	  return __tmp;
        -:  637:	}
------------------
_ZNSt8_Rb_treeIcSt4pairIKccESt10_Select1stIS2_ESt4lessIcESaIS2_EE14_M_create_nodeIJS0_IccEEEEPSt13_Rb_tree_nodeIS2_EDpOT_:
       17:  632:	_M_create_node(_Args&&... __args)
        -:  633:	{
       17:  634:	  _Link_type __tmp = _M_get_node();
       17:  634-block  0
       17:  635:	  _M_construct_node(__tmp, std::forward<_Args>(__args)...);
       17:  636:	  return __tmp;
        -:  637:	}
------------------
_ZNSt8_Rb_treeIcSt4pairIKcbESt10_Select1stIS2_ESt4lessIcESaIS2_EE14_M_create_nodeIJS0_IcbEEEEPSt13_Rb_tree_nodeIS2_EDpOT_:
       18:  632:	_M_create_node(_Args&&... __args)
        -:  633:	{
       18:  634:	  _Link_type __tmp = _M_get_node();
       18:  634-block  0
       18:  635:	  _M_construct_node(__tmp, std::forward<_Args>(__args)...);
       18:  636:	  return __tmp;
        -:  637:	}
------------------
_ZNSt8_Rb_treeIcSt4pairIKciESt10_Select1stIS2_ESt4lessIcESaIS2_EE14_M_create_nodeIJRKSt21piecewise_construct_tSt5tupleIJRS1_EESD_IJEEEEEPSt13_Rb_tree_nodeIS2_EDpOT_:
    #####:  632:	_M_create_node(_Args&&... __args)
        -:  633:	{
    #####:  634:	  _Link_type __tmp = _M_get_node();
    %%%%%:  634-block  0
    #####:  635:	  _M_construct_node(__tmp, std::forward<_Args>(__args)...);
    #####:  636:	  return __tmp;
        -:  637:	}
------------------
_ZNSt8_Rb_treeIcSt4pairIKccESt10_Select1stIS2_ESt4lessIcESaIS2_EE14_M_create_nodeIJRKSt21piecewise_construct_tSt5tupleIJRS1_EESD_IJEEEEEPSt13_Rb_tree_nodeIS2_EDpOT_:
    #####:  632:	_M_create_node(_Args&&... __args)
        -:  633:	{
    #####:  634:	  _Link_type __tmp = _M_get_node();
    %%%%%:  634-block  0
    #####:  635:	  _M_construct_node(__tmp, std::forward<_Args>(__args)...);
    #####:  636:	  return __tmp;
        -:  637:	}
------------------
_ZNSt8_Rb_treeIcSt4pairIKcPN7myGraph4NodeEESt10_Select1stIS5_ESt4lessIcESaIS5_EE14_M_create_nodeIJRKSt21piecewise_construct_tSt5tupleIJRS1_EESG_IJEEEEEPSt13_Rb_tree_nodeIS5_EDpOT_:
       10:  632:	_M_create_node(_Args&&... __args)
        -:  633:	{
       10:  634:	  _Link_type __tmp = _M_get_node();
       10:  634-block  0
       10:  635:	  _M_construct_node(__tmp, std::forward<_Args>(__args)...);
       10:  636:	  return __tmp;
        -:  637:	}
------------------
_ZNSt8_Rb_treeIcSt4pairIKciESt10_Select1stIS2_ESt4lessIcESaIS2_EE14_M_create_nodeIJS0_IciEEEEPSt13_Rb_tree_nodeIS2_EDpOT_:
       32:  632:	_M_create_node(_Args&&... __args)
        -:  633:	{
       32:  634:	  _Link_type __tmp = _M_get_node();
       32:  634-block  0
       32:  635:	  _M_construct_node(__tmp, std::forward<_Args>(__args)...);
       32:  636:	  return __tmp;
        -:  637:	}
------------------
        -:  638:#endif
        -:  639:
        -:  640:      void
      227:  641:      _M_destroy_node(_Link_type __p) _GLIBCXX_NOEXCEPT
        -:  642:      {
        -:  643:#if __cplusplus < 201103L
        -:  644:	get_allocator().destroy(__p->_M_valptr());
        -:  645:#else
      227:  646:	_Alloc_traits::destroy(_M_get_Node_allocator(), __p->_M_valptr());
      227:  647:	__p->~_Rb_tree_node<_Val>();
        -:  648:#endif
      227:  649:      }
------------------
_ZNSt8_Rb_treeIcSt4pairIKcbESt10_Select1stIS2_ESt4lessIcESaIS2_EE15_M_destroy_nodeEPSt13_Rb_tree_nodeIS2_E:
       18:  641:      _M_destroy_node(_Link_type __p) _GLIBCXX_NOEXCEPT
        -:  642:      {
        -:  643:#if __cplusplus < 201103L
        -:  644:	get_allocator().destroy(__p->_M_valptr());
        -:  645:#else
       18:  646:	_Alloc_traits::destroy(_M_get_Node_allocator(), __p->_M_valptr());
       18:  646-block  0
       18:  647:	__p->~_Rb_tree_node<_Val>();
        -:  648:#endif
       18:  649:      }
------------------
_ZNSt8_Rb_treeIccSt9_IdentityIcESt4lessIcESaIcEE15_M_destroy_nodeEPSt13_Rb_tree_nodeIcE:
       18:  641:      _M_destroy_node(_Link_type __p) _GLIBCXX_NOEXCEPT
        -:  642:      {
        -:  643:#if __cplusplus < 201103L
        -:  644:	get_allocator().destroy(__p->_M_valptr());
        -:  645:#else
       18:  646:	_Alloc_traits::destroy(_M_get_Node_allocator(), __p->_M_valptr());
       18:  646-block  0
       18:  647:	__p->~_Rb_tree_node<_Val>();
        -:  648:#endif
       18:  649:      }
------------------
_ZNSt8_Rb_treeIcSt4pairIKccESt10_Select1stIS2_ESt4lessIcESaIS2_EE15_M_destroy_nodeEPSt13_Rb_tree_nodeIS2_E:
       89:  641:      _M_destroy_node(_Link_type __p) _GLIBCXX_NOEXCEPT
        -:  642:      {
        -:  643:#if __cplusplus < 201103L
        -:  644:	get_allocator().destroy(__p->_M_valptr());
        -:  645:#else
       89:  646:	_Alloc_traits::destroy(_M_get_Node_allocator(), __p->_M_valptr());
       89:  646-block  0
       89:  647:	__p->~_Rb_tree_node<_Val>();
        -:  648:#endif
       89:  649:      }
------------------
_ZNSt8_Rb_treeIcSt4pairIKcPN7myGraph4NodeEESt10_Select1stIS5_ESt4lessIcESaIS5_EE15_M_destroy_nodeEPSt13_Rb_tree_nodeIS5_E:
       28:  641:      _M_destroy_node(_Link_type __p) _GLIBCXX_NOEXCEPT
        -:  642:      {
        -:  643:#if __cplusplus < 201103L
        -:  644:	get_allocator().destroy(__p->_M_valptr());
        -:  645:#else
       28:  646:	_Alloc_traits::destroy(_M_get_Node_allocator(), __p->_M_valptr());
       28:  646-block  0
       28:  647:	__p->~_Rb_tree_node<_Val>();
        -:  648:#endif
       28:  649:      }
------------------
_ZNSt8_Rb_treeIcSt4pairIKciESt10_Select1stIS2_ESt4lessIcESaIS2_EE15_M_destroy_nodeEPSt13_Rb_tree_nodeIS2_E:
       74:  641:      _M_destroy_node(_Link_type __p) _GLIBCXX_NOEXCEPT
        -:  642:      {
        -:  643:#if __cplusplus < 201103L
        -:  644:	get_allocator().destroy(__p->_M_valptr());
        -:  645:#else
       74:  646:	_Alloc_traits::destroy(_M_get_Node_allocator(), __p->_M_valptr());
       74:  646-block  0
       74:  647:	__p->~_Rb_tree_node<_Val>();
        -:  648:#endif
       74:  649:      }
------------------
        -:  650:
        -:  651:      void
      227:  652:      _M_drop_node(_Link_type __p) _GLIBCXX_NOEXCEPT
        -:  653:      {
      227:  654:	_M_destroy_node(__p);
      227:  655:	_M_put_node(__p);
      227:  656:      }
------------------
_ZNSt8_Rb_treeIcSt4pairIKcbESt10_Select1stIS2_ESt4lessIcESaIS2_EE12_M_drop_nodeEPSt13_Rb_tree_nodeIS2_E:
       18:  652:      _M_drop_node(_Link_type __p) _GLIBCXX_NOEXCEPT
        -:  653:      {
       18:  654:	_M_destroy_node(__p);
       18:  654-block  0
       18:  655:	_M_put_node(__p);
       18:  656:      }
------------------
_ZNSt8_Rb_treeIccSt9_IdentityIcESt4lessIcESaIcEE12_M_drop_nodeEPSt13_Rb_tree_nodeIcE:
       18:  652:      _M_drop_node(_Link_type __p) _GLIBCXX_NOEXCEPT
        -:  653:      {
       18:  654:	_M_destroy_node(__p);
       18:  654-block  0
       18:  655:	_M_put_node(__p);
       18:  656:      }
------------------
_ZNSt8_Rb_treeIcSt4pairIKccESt10_Select1stIS2_ESt4lessIcESaIS2_EE12_M_drop_nodeEPSt13_Rb_tree_nodeIS2_E:
       89:  652:      _M_drop_node(_Link_type __p) _GLIBCXX_NOEXCEPT
        -:  653:      {
       89:  654:	_M_destroy_node(__p);
       89:  654-block  0
       89:  655:	_M_put_node(__p);
       89:  656:      }
------------------
_ZNSt8_Rb_treeIcSt4pairIKcPN7myGraph4NodeEESt10_Select1stIS5_ESt4lessIcESaIS5_EE12_M_drop_nodeEPSt13_Rb_tree_nodeIS5_E:
       28:  652:      _M_drop_node(_Link_type __p) _GLIBCXX_NOEXCEPT
        -:  653:      {
       28:  654:	_M_destroy_node(__p);
       28:  654-block  0
       28:  655:	_M_put_node(__p);
       28:  656:      }
------------------
_ZNSt8_Rb_treeIcSt4pairIKciESt10_Select1stIS2_ESt4lessIcESaIS2_EE12_M_drop_nodeEPSt13_Rb_tree_nodeIS2_E:
       74:  652:      _M_drop_node(_Link_type __p) _GLIBCXX_NOEXCEPT
        -:  653:      {
       74:  654:	_M_destroy_node(__p);
       74:  654-block  0
       74:  655:	_M_put_node(__p);
       74:  656:      }
------------------
        -:  657:
        -:  658:      template<typename _NodeGen>
        -:  659:	_Link_type
      118:  660:	_M_clone_node(_Const_Link_type __x, _NodeGen& __node_gen)
        -:  661:	{
      118:  662:	  _Link_type __tmp = __node_gen(*__x->_M_valptr());
      118:  663:	  __tmp->_M_color = __x->_M_color;
      118:  664:	  __tmp->_M_left = 0;
      118:  665:	  __tmp->_M_right = 0;
      118:  666:	  return __tmp;
        -:  667:	}
------------------
_ZNSt8_Rb_treeIcSt4pairIKccESt10_Select1stIS2_ESt4lessIcESaIS2_EE13_M_clone_nodeINS8_11_Alloc_nodeEEEPSt13_Rb_tree_nodeIS2_EPKSC_RT_:
       72:  660:	_M_clone_node(_Const_Link_type __x, _NodeGen& __node_gen)
        -:  661:	{
       72:  662:	  _Link_type __tmp = __node_gen(*__x->_M_valptr());
       72:  662-block  0
       72:  663:	  __tmp->_M_color = __x->_M_color;
       72:  664:	  __tmp->_M_left = 0;
       72:  665:	  __tmp->_M_right = 0;
       72:  666:	  return __tmp;
        -:  667:	}
------------------
_ZNSt8_Rb_treeIcSt4pairIKcPN7myGraph4NodeEESt10_Select1stIS5_ESt4lessIcESaIS5_EE13_M_clone_nodeINSB_11_Alloc_nodeEEEPSt13_Rb_tree_nodeIS5_EPKSF_RT_:
       18:  660:	_M_clone_node(_Const_Link_type __x, _NodeGen& __node_gen)
        -:  661:	{
       18:  662:	  _Link_type __tmp = __node_gen(*__x->_M_valptr());
       18:  662-block  0
       18:  663:	  __tmp->_M_color = __x->_M_color;
       18:  664:	  __tmp->_M_left = 0;
       18:  665:	  __tmp->_M_right = 0;
       18:  666:	  return __tmp;
        -:  667:	}
------------------
_ZNSt8_Rb_treeIcSt4pairIKciESt10_Select1stIS2_ESt4lessIcESaIS2_EE13_M_clone_nodeINS8_11_Alloc_nodeEEEPSt13_Rb_tree_nodeIS2_EPKSC_RT_:
       14:  660:	_M_clone_node(_Const_Link_type __x, _NodeGen& __node_gen)
        -:  661:	{
       14:  662:	  _Link_type __tmp = __node_gen(*__x->_M_valptr());
       14:  662-block  0
       14:  663:	  __tmp->_M_color = __x->_M_color;
       14:  664:	  __tmp->_M_left = 0;
       14:  665:	  __tmp->_M_right = 0;
       14:  666:	  return __tmp;
        -:  667:	}
------------------
_ZNSt8_Rb_treeIcSt4pairIKciESt10_Select1stIS2_ESt4lessIcESaIS2_EE13_M_clone_nodeINS8_20_Reuse_or_alloc_nodeEEEPSt13_Rb_tree_nodeIS2_EPKSC_RT_:
       14:  660:	_M_clone_node(_Const_Link_type __x, _NodeGen& __node_gen)
        -:  661:	{
       14:  662:	  _Link_type __tmp = __node_gen(*__x->_M_valptr());
       14:  662-block  0
       14:  663:	  __tmp->_M_color = __x->_M_color;
       14:  664:	  __tmp->_M_left = 0;
       14:  665:	  __tmp->_M_right = 0;
       14:  666:	  return __tmp;
        -:  667:	}
------------------
        -:  668:
        -:  669:    protected:
        -:  670:#if _GLIBCXX_INLINE_VERSION
        -:  671:      template<typename _Key_compare>
        -:  672:#else
        -:  673:      // Unused _Is_pod_comparator is kept as it is part of mangled name.
        -:  674:      template<typename _Key_compare,
        -:  675:	       bool /* _Is_pod_comparator */ = __is_pod(_Key_compare)>
        -:  676:#endif
        -:  677:	struct _Rb_tree_impl
        -:  678:	: public _Node_allocator
        -:  679:	, public _Rb_tree_key_compare<_Key_compare>
        -:  680:	, public _Rb_tree_header
        -:  681:	{
        -:  682:	  typedef _Rb_tree_key_compare<_Key_compare> _Base_key_compare;
        -:  683:
       19:  684:	  _Rb_tree_impl()
        -:  685:	    _GLIBCXX_NOEXCEPT_IF(
        -:  686:		is_nothrow_default_constructible<_Node_allocator>::value
        -:  687:		&& is_nothrow_default_constructible<_Base_key_compare>::value )
       19:  688:	  : _Node_allocator()
       19:  689:	  { }
------------------
_ZNSt8_Rb_treeIcSt4pairIKcbESt10_Select1stIS2_ESt4lessIcESaIS2_EE13_Rb_tree_implIS6_Lb1EEC2Ev:
        2:  684:	  _Rb_tree_impl()
        -:  685:	    _GLIBCXX_NOEXCEPT_IF(
        -:  686:		is_nothrow_default_constructible<_Node_allocator>::value
        -:  687:		&& is_nothrow_default_constructible<_Base_key_compare>::value )
        2:  688:	  : _Node_allocator()
        2:  688-block  0
        2:  689:	  { }
------------------
_ZNSt8_Rb_treeIcSt4pairIKccESt10_Select1stIS2_ESt4lessIcESaIS2_EE13_Rb_tree_implIS6_Lb1EEC2Ev:
        2:  684:	  _Rb_tree_impl()
        -:  685:	    _GLIBCXX_NOEXCEPT_IF(
        -:  686:		is_nothrow_default_constructible<_Node_allocator>::value
        -:  687:		&& is_nothrow_default_constructible<_Base_key_compare>::value )
        2:  688:	  : _Node_allocator()
        2:  688-block  0
        2:  689:	  { }
------------------
_ZNSt8_Rb_treeIccSt9_IdentityIcESt4lessIcESaIcEE13_Rb_tree_implIS3_Lb1EEC2Ev:
        2:  684:	  _Rb_tree_impl()
        -:  685:	    _GLIBCXX_NOEXCEPT_IF(
        -:  686:		is_nothrow_default_constructible<_Node_allocator>::value
        -:  687:		&& is_nothrow_default_constructible<_Base_key_compare>::value )
        2:  688:	  : _Node_allocator()
        2:  688-block  0
        2:  689:	  { }
------------------
_ZNSt8_Rb_treeIcSt4pairIKcPN7myGraph4NodeEESt10_Select1stIS5_ESt4lessIcESaIS5_EE13_Rb_tree_implIS9_Lb1EEC2Ev:
        1:  684:	  _Rb_tree_impl()
        -:  685:	    _GLIBCXX_NOEXCEPT_IF(
        -:  686:		is_nothrow_default_constructible<_Node_allocator>::value
        -:  687:		&& is_nothrow_default_constructible<_Base_key_compare>::value )
        1:  688:	  : _Node_allocator()
        1:  688-block  0
        1:  689:	  { }
------------------
_ZNSt8_Rb_treeIcSt4pairIKciESt10_Select1stIS2_ESt4lessIcESaIS2_EE13_Rb_tree_implIS6_Lb1EEC2Ev:
       12:  684:	  _Rb_tree_impl()
        -:  685:	    _GLIBCXX_NOEXCEPT_IF(
        -:  686:		is_nothrow_default_constructible<_Node_allocator>::value
        -:  687:		&& is_nothrow_default_constructible<_Base_key_compare>::value )
       12:  688:	  : _Node_allocator()
       12:  688-block  0
       12:  689:	  { }
------------------
        -:  690:
       19:  691:	  _Rb_tree_impl(const _Rb_tree_impl& __x)
        -:  692:	  : _Node_allocator(_Alloc_traits::_S_select_on_copy(__x))
       19:  693:	  , _Base_key_compare(__x._M_key_compare)
       19:  694:	  { }
------------------
_ZNSt8_Rb_treeIcSt4pairIKccESt10_Select1stIS2_ESt4lessIcESaIS2_EE13_Rb_tree_implIS6_Lb1EEC2ERKSA_:
        9:  691:	  _Rb_tree_impl(const _Rb_tree_impl& __x)
        -:  692:	  : _Node_allocator(_Alloc_traits::_S_select_on_copy(__x))
        9:  693:	  , _Base_key_compare(__x._M_key_compare)
        9:  693-block  0
        9:  694:	  { }
------------------
_ZNSt8_Rb_treeIcSt4pairIKcPN7myGraph4NodeEESt10_Select1stIS5_ESt4lessIcESaIS5_EE13_Rb_tree_implIS9_Lb1EEC2ERKSD_:
        2:  691:	  _Rb_tree_impl(const _Rb_tree_impl& __x)
        -:  692:	  : _Node_allocator(_Alloc_traits::_S_select_on_copy(__x))
        2:  693:	  , _Base_key_compare(__x._M_key_compare)
        2:  693-block  0
        2:  694:	  { }
------------------
_ZNSt8_Rb_treeIcSt4pairIKciESt10_Select1stIS2_ESt4lessIcESaIS2_EE13_Rb_tree_implIS6_Lb1EEC2ERKSA_:
        8:  691:	  _Rb_tree_impl(const _Rb_tree_impl& __x)
        -:  692:	  : _Node_allocator(_Alloc_traits::_S_select_on_copy(__x))
        8:  693:	  , _Base_key_compare(__x._M_key_compare)
        8:  693-block  0
        8:  694:	  { }
------------------
        -:  695:
        -:  696:#if __cplusplus < 201103L
        -:  697:	  _Rb_tree_impl(const _Key_compare& __comp, const _Node_allocator& __a)
        -:  698:	  : _Node_allocator(__a), _Base_key_compare(__comp)
        -:  699:	  { }
        -:  700:#else
        -:  701:	  _Rb_tree_impl(_Rb_tree_impl&&) = default;
        -:  702:
        -:  703:	  explicit
        -:  704:	  _Rb_tree_impl(_Node_allocator&& __a)
        -:  705:	  : _Node_allocator(std::move(__a))
        -:  706:	  { }
        -:  707:
        -:  708:	  _Rb_tree_impl(_Rb_tree_impl&& __x, _Node_allocator&& __a)
        -:  709:	  : _Node_allocator(std::move(__a)),
        -:  710:	    _Base_key_compare(std::move(__x)),
        -:  711:	    _Rb_tree_header(std::move(__x))
        -:  712:	  { }
        -:  713:
        8:  714:	  _Rb_tree_impl(const _Key_compare& __comp, _Node_allocator&& __a)
        8:  715:	  : _Node_allocator(std::move(__a)), _Base_key_compare(__comp)
        8:  715-block  0
        8:  716:	  { }
        -:  717:#endif
        -:  718:	};
        -:  719:
        -:  720:      _Rb_tree_impl<_Compare> _M_impl;
        -:  721:
        -:  722:    protected:
        -:  723:      _Base_ptr&
       35:  724:      _M_root() _GLIBCXX_NOEXCEPT
       35:  725:      { return this->_M_impl._M_header._M_parent; }
------------------
_ZNSt8_Rb_treeIcSt4pairIKccESt10_Select1stIS2_ESt4lessIcESaIS2_EE7_M_rootEv:
        9:  724:      _M_root() _GLIBCXX_NOEXCEPT
        9:  725:      { return this->_M_impl._M_header._M_parent; }
        9:  725-block  0
------------------
_ZNSt8_Rb_treeIcSt4pairIKcPN7myGraph4NodeEESt10_Select1stIS5_ESt4lessIcESaIS5_EE7_M_rootEv:
        2:  724:      _M_root() _GLIBCXX_NOEXCEPT
        2:  725:      { return this->_M_impl._M_header._M_parent; }
        2:  725-block  0
------------------
_ZNSt8_Rb_treeIcSt4pairIKciESt10_Select1stIS2_ESt4lessIcESaIS2_EE7_M_rootEv:
       24:  724:      _M_root() _GLIBCXX_NOEXCEPT
       24:  725:      { return this->_M_impl._M_header._M_parent; }
       24:  725-block  0
------------------
        -:  726:
        -:  727:      _Const_Base_ptr
       27:  728:      _M_root() const _GLIBCXX_NOEXCEPT
       27:  729:      { return this->_M_impl._M_header._M_parent; }
------------------
_ZNKSt8_Rb_treeIcSt4pairIKccESt10_Select1stIS2_ESt4lessIcESaIS2_EE7_M_rootEv:
        9:  728:      _M_root() const _GLIBCXX_NOEXCEPT
        9:  729:      { return this->_M_impl._M_header._M_parent; }
        9:  729-block  0
------------------
_ZNKSt8_Rb_treeIcSt4pairIKcPN7myGraph4NodeEESt10_Select1stIS5_ESt4lessIcESaIS5_EE7_M_rootEv:
        2:  728:      _M_root() const _GLIBCXX_NOEXCEPT
        2:  729:      { return this->_M_impl._M_header._M_parent; }
        2:  729-block  0
------------------
_ZNKSt8_Rb_treeIcSt4pairIKciESt10_Select1stIS2_ESt4lessIcESaIS2_EE7_M_rootEv:
       16:  728:      _M_root() const _GLIBCXX_NOEXCEPT
       16:  729:      { return this->_M_impl._M_header._M_parent; }
       16:  729-block  0
------------------
        -:  730:
        -:  731:      _Base_ptr&
      34*:  732:      _M_leftmost() _GLIBCXX_NOEXCEPT
      34*:  733:      { return this->_M_impl._M_header._M_left; }
------------------
_ZNSt8_Rb_treeIcSt4pairIKcbESt10_Select1stIS2_ESt4lessIcESaIS2_EE11_M_leftmostEv:
    #####:  732:      _M_leftmost() _GLIBCXX_NOEXCEPT
    #####:  733:      { return this->_M_impl._M_header._M_left; }
    %%%%%:  733-block  0
------------------
_ZNSt8_Rb_treeIcSt4pairIKccESt10_Select1stIS2_ESt4lessIcESaIS2_EE11_M_leftmostEv:
        9:  732:      _M_leftmost() _GLIBCXX_NOEXCEPT
        9:  733:      { return this->_M_impl._M_header._M_left; }
        9:  733-block  0
------------------
_ZNSt8_Rb_treeIcSt4pairIKcPN7myGraph4NodeEESt10_Select1stIS5_ESt4lessIcESaIS5_EE11_M_leftmostEv:
        9:  732:      _M_leftmost() _GLIBCXX_NOEXCEPT
        9:  733:      { return this->_M_impl._M_header._M_left; }
        9:  733-block  0
------------------
[...]
        -: 2474:	  {
    =====: 2475:	    _M_drop_node(__z);
    =====: 2476:	    __throw_exception_again;
        -: 2477:	  }
        -: 2478:      }
------------------
_ZNSt8_Rb_treeIcSt4pairIKciESt10_Select1stIS2_ESt4lessIcESaIS2_EE22_M_emplace_hint_uniqueIJRKSt21piecewise_construct_tSt5tupleIJRS1_EESD_IJEEEEESt17_Rb_tree_iteratorIS2_ESt23_Rb_tree_const_iteratorIS2_EDpOT_:
    #####: 2458:      _Rb_tree<_Key, _Val, _KeyOfValue, _Compare, _Alloc>::
        -: 2459:      _M_emplace_hint_unique(const_iterator __pos, _Args&&... __args)
        -: 2460:      {
    #####: 2461:	_Link_type __z = _M_create_node(std::forward<_Args>(__args)...);
    %%%%%: 2461-block  0
        -: 2462:
        -: 2463:	__try
        -: 2464:	  {
    #####: 2465:	    auto __res = _M_get_insert_hint_unique_pos(__pos, _S_key(__z));
    %%%%%: 2465-block  0
        -: 2466:
    #####: 2467:	    if (__res.second)
    %%%%%: 2467-block  0
    #####: 2468:	      return _M_insert_node(__res.first, __res.second, __z);
    %%%%%: 2468-block  0
    %%%%%: 2468-block  1
        -: 2469:
    #####: 2470:	    _M_drop_node(__z);
    %%%%%: 2470-block  0
    #####: 2471:	    return iterator(__res.first);
        -: 2472:	  }
    =====: 2473:	__catch(...)
    $$$$$: 2473-block  0
    $$$$$: 2473-block  1
    $$$$$: 2473-block  2
        -: 2474:	  {
    =====: 2475:	    _M_drop_node(__z);
    =====: 2476:	    __throw_exception_again;
        -: 2477:	  }
        -: 2478:      }
------------------
_ZNSt8_Rb_treeIcSt4pairIKccESt10_Select1stIS2_ESt4lessIcESaIS2_EE22_M_emplace_hint_uniqueIJRKSt21piecewise_construct_tSt5tupleIJRS1_EESD_IJEEEEESt17_Rb_tree_iteratorIS2_ESt23_Rb_tree_const_iteratorIS2_EDpOT_:
    #####: 2458:      _Rb_tree<_Key, _Val, _KeyOfValue, _Compare, _Alloc>::
        -: 2459:      _M_emplace_hint_unique(const_iterator __pos, _Args&&... __args)
        -: 2460:      {
    #####: 2461:	_Link_type __z = _M_create_node(std::forward<_Args>(__args)...);
    %%%%%: 2461-block  0
        -: 2462:
        -: 2463:	__try
        -: 2464:	  {
    #####: 2465:	    auto __res = _M_get_insert_hint_unique_pos(__pos, _S_key(__z));
    %%%%%: 2465-block  0
        -: 2466:
    #####: 2467:	    if (__res.second)
    %%%%%: 2467-block  0
    #####: 2468:	      return _M_insert_node(__res.first, __res.second, __z);
    %%%%%: 2468-block  0
    %%%%%: 2468-block  1
        -: 2469:
    #####: 2470:	    _M_drop_node(__z);
    %%%%%: 2470-block  0
    #####: 2471:	    return iterator(__res.first);
        -: 2472:	  }
    =====: 2473:	__catch(...)
    $$$$$: 2473-block  0
    $$$$$: 2473-block  1
    $$$$$: 2473-block  2
        -: 2474:	  {
    =====: 2475:	    _M_drop_node(__z);
    =====: 2476:	    __throw_exception_again;
        -: 2477:	  }
        -: 2478:      }
------------------
_ZNSt8_Rb_treeIcSt4pairIKcPN7myGraph4NodeEESt10_Select1stIS5_ESt4lessIcESaIS5_EE22_M_emplace_hint_uniqueIJRKSt21piecewise_construct_tSt5tupleIJRS1_EESG_IJEEEEESt17_Rb_tree_iteratorIS5_ESt23_Rb_tree_const_iteratorIS5_EDpOT_:
       10: 2458:      _Rb_tree<_Key, _Val, _KeyOfValue, _Compare, _Alloc>::
        -: 2459:      _M_emplace_hint_unique(const_iterator __pos, _Args&&... __args)
        -: 2460:      {
       10: 2461:	_Link_type __z = _M_create_node(std::forward<_Args>(__args)...);
       10: 2461-block  0
        -: 2462:
        -: 2463:	__try
        -: 2464:	  {
       10: 2465:	    auto __res = _M_get_insert_hint_unique_pos(__pos, _S_key(__z));
       10: 2465-block  0
        -: 2466:
       10: 2467:	    if (__res.second)
       10: 2467-block  0
       10: 2468:	      return _M_insert_node(__res.first, __res.second, __z);
       10: 2468-block  0
       10: 2468-block  1
        -: 2469:
    #####: 2470:	    _M_drop_node(__z);
    %%%%%: 2470-block  0
    #####: 2471:	    return iterator(__res.first);
        -: 2472:	  }
    =====: 2473:	__catch(...)
    $$$$$: 2473-block  0
    $$$$$: 2473-block  1
    $$$$$: 2473-block  2
        -: 2474:	  {
    =====: 2475:	    _M_drop_node(__z);
    =====: 2476:	    __throw_exception_again;
        -: 2477:	  }
        -: 2478:      }
------------------
        -: 2479:
        -: 2480:  template<typename _Key, typename _Val, typename _KeyOfValue,
        -: 2481:	   typename _Compare, typename _Alloc>
        -: 2482:    template<typename... _Args>
        -: 2483:      typename _Rb_tree<_Key, _Val, _KeyOfValue, _Compare, _Alloc>::iterator
        -: 2484:      _Rb_tree<_Key, _Val, _KeyOfValue, _Compare, _Alloc>::
        -: 2485:      _M_emplace_hint_equal(const_iterator __pos, _Args&&... __args)
        -: 2486:      {
        -: 2487:	_Link_type __z = _M_create_node(std::forward<_Args>(__args)...);
        -: 2488:
        -: 2489:	__try
        -: 2490:	  {
        -: 2491:	    auto __res = _M_get_insert_hint_equal_pos(__pos, _S_key(__z));
        -: 2492:
        -: 2493:	    if (__res.second)
        -: 2494:	      return _M_insert_node(__res.first, __res.second, __z);
        -: 2495:
        -: 2496:	    return _M_insert_equal_lower_node(__z);
        -: 2497:	  }
        -: 2498:	__catch(...)
        -: 2499:	  {
        -: 2500:	    _M_drop_node(__z);
        -: 2501:	    __throw_exception_again;
        -: 2502:	  }
        -: 2503:      }
        -: 2504:#endif
        -: 2505:
        -: 2506:
        -: 2507:  template<typename _Key, typename _Val, typename _KeyOfValue,
        -: 2508:	   typename _Compare, typename _Alloc>
        -: 2509:    void
      16*: 2510:    _Rb_tree<_Key, _Val, _KeyOfValue, _Compare, _Alloc>::
        -: 2511:    _M_erase_aux(const_iterator __position)
        -: 2512:    {
        -: 2513:      _Link_type __y =
        -: 2514:	static_cast<_Link_type>(_Rb_tree_rebalance_for_erase
      16*: 2515:				(const_cast<_Base_ptr>(__position._M_node),
      16*: 2516:				 this->_M_impl._M_header));
      16*: 2517:      _M_drop_node(__y);
      16*: 2518:      --_M_impl._M_node_count;
      16*: 2519:    }
------------------
_ZNSt8_Rb_treeIccSt9_IdentityIcESt4lessIcESaIcEE12_M_erase_auxESt23_Rb_tree_const_iteratorIcE:
       16: 2510:    _Rb_tree<_Key, _Val, _KeyOfValue, _Compare, _Alloc>::
        -: 2511:    _M_erase_aux(const_iterator __position)
        -: 2512:    {
        -: 2513:      _Link_type __y =
        -: 2514:	static_cast<_Link_type>(_Rb_tree_rebalance_for_erase
       16: 2515:				(const_cast<_Base_ptr>(__position._M_node),
       16: 2516:				 this->_M_impl._M_header));
       16: 2516-block  0
       16: 2517:      _M_drop_node(__y);
       16: 2518:      --_M_impl._M_node_count;
       16: 2519:    }
------------------
_ZNSt8_Rb_treeIcSt4pairIKcPN7myGraph4NodeEESt10_Select1stIS5_ESt4lessIcESaIS5_EE12_M_erase_auxESt23_Rb_tree_const_iteratorIS5_E:
    #####: 2510:    _Rb_tree<_Key, _Val, _KeyOfValue, _Compare, _Alloc>::
        -: 2511:    _M_erase_aux(const_iterator __position)
        -: 2512:    {
        -: 2513:      _Link_type __y =
        -: 2514:	static_cast<_Link_type>(_Rb_tree_rebalance_for_erase
    #####: 2515:				(const_cast<_Base_ptr>(__position._M_node),
    #####: 2516:				 this->_M_impl._M_header));
    %%%%%: 2516-block  0
    #####: 2517:      _M_drop_node(__y);
    #####: 2518:      --_M_impl._M_node_count;
    #####: 2519:    }
------------------
_ZNSt8_Rb_treeIcSt4pairIKciESt10_Select1stIS2_ESt4lessIcESaIS2_EE12_M_erase_auxESt23_Rb_tree_const_iteratorIS2_E:
    #####: 2510:    _Rb_tree<_Key, _Val, _KeyOfValue, _Compare, _Alloc>::
        -: 2511:    _M_erase_aux(const_iterator __position)
        -: 2512:    {
        -: 2513:      _Link_type __y =
        -: 2514:	static_cast<_Link_type>(_Rb_tree_rebalance_for_erase
    #####: 2515:				(const_cast<_Base_ptr>(__position._M_node),
    #####: 2516:				 this->_M_impl._M_header));
    %%%%%: 2516-block  0
    #####: 2517:      _M_drop_node(__y);
    #####: 2518:      --_M_impl._M_node_count;
    #####: 2519:    }
------------------
        -: 2520:
        -: 2521:  template<typename _Key, typename _Val, typename _KeyOfValue,
        -: 2522:	   typename _Compare, typename _Alloc>
        -: 2523:    void
      18*: 2524:    _Rb_tree<_Key, _Val, _KeyOfValue, _Compare, _Alloc>::
        -: 2525:    _M_erase_aux(const_iterator __first, const_iterator __last)
        -: 2526:    {
      18*: 2527:      if (__first == begin() && __last == end())
       2*: 2528:	clear();
        -: 2529:      else
      32*: 2530:	while (__first != __last)
      16*: 2531:	  _M_erase_aux(__first++);
      18*: 2532:    }
------------------
_ZNSt8_Rb_treeIccSt9_IdentityIcESt4lessIcESaIcEE12_M_erase_auxESt23_Rb_tree_const_iteratorIcES7_:
       18: 2524:    _Rb_tree<_Key, _Val, _KeyOfValue, _Compare, _Alloc>::
        -: 2525:    _M_erase_aux(const_iterator __first, const_iterator __last)
        -: 2526:    {
       18: 2527:      if (__first == begin() && __last == end())
       18: 2527-block  0
        8: 2527-block  1
        2: 2527-block  2
       16: 2527-block  3
       18: 2527-block  4
        2: 2528:	clear();
        2: 2528-block  0
        -: 2529:      else
       32: 2530:	while (__first != __last)
       32: 2530-block  0
       16: 2531:	  _M_erase_aux(__first++);
       16: 2531-block  0
       18: 2532:    }
------------------
_ZNSt8_Rb_treeIcSt4pairIKcPN7myGraph4NodeEESt10_Select1stIS5_ESt4lessIcESaIS5_EE12_M_erase_auxESt23_Rb_tree_const_iteratorIS5_ESD_:
    #####: 2524:    _Rb_tree<_Key, _Val, _KeyOfValue, _Compare, _Alloc>::
        -: 2525:    _M_erase_aux(const_iterator __first, const_iterator __last)
        -: 2526:    {
    #####: 2527:      if (__first == begin() && __last == end())
    %%%%%: 2527-block  0
    %%%%%: 2527-block  1
    %%%%%: 2527-block  2
    %%%%%: 2527-block  3
    %%%%%: 2527-block  4
    #####: 2528:	clear();
    %%%%%: 2528-block  0
        -: 2529:      else
    #####: 2530:	while (__first != __last)
    %%%%%: 2530-block  0
    #####: 2531:	  _M_erase_aux(__first++);
    %%%%%: 2531-block  0
    #####: 2532:    }
------------------
_ZNSt8_Rb_treeIcSt4pairIKciESt10_Select1stIS2_ESt4lessIcESaIS2_EE12_M_erase_auxESt23_Rb_tree_const_iteratorIS2_ESA_:
    #####: 2524:    _Rb_tree<_Key, _Val, _KeyOfValue, _Compare, _Alloc>::
        -: 2525:    _M_erase_aux(const_iterator __first, const_iterator __last)
        -: 2526:    {
    #####: 2527:      if (__first == begin() && __last == end())
    %%%%%: 2527-block  0
    %%%%%: 2527-block  1
    %%%%%: 2527-block  2
    %%%%%: 2527-block  3
    %%%%%: 2527-block  4
    #####: 2528:	clear();
    %%%%%: 2528-block  0
        -: 2529:      else
    #####: 2530:	while (__first != __last)
    %%%%%: 2530-block  0
    #####: 2531:	  _M_erase_aux(__first++);
    %%%%%: 2531-block  0
    #####: 2532:    }
------------------
        -: 2533:
        -: 2534:  template<typename _Key, typename _Val, typename _KeyOfValue,
        -: 2535:	   typename _Compare, typename _Alloc>
        -: 2536:    typename _Rb_tree<_Key, _Val, _KeyOfValue, _Compare, _Alloc>::size_type
      18*: 2537:    _Rb_tree<_Key, _Val, _KeyOfValue, _Compare, _Alloc>::
        -: 2538:    erase(const _Key& __x)
        -: 2539:    {
      18*: 2540:      pair<iterator, iterator> __p = equal_range(__x);
      18*: 2541:      const size_type __old_size = size();
      18*: 2542:      _M_erase_aux(__p.first, __p.second);
      18*: 2543:      return __old_size - size();
        -: 2544:    }
------------------
_ZNSt8_Rb_treeIccSt9_IdentityIcESt4lessIcESaIcEE5eraseERKc:
       18: 2537:    _Rb_tree<_Key, _Val, _KeyOfValue, _Compare, _Alloc>::
        -: 2538:    erase(const _Key& __x)
        -: 2539:    {
       18: 2540:      pair<iterator, iterator> __p = equal_range(__x);
       18: 2540-block  0
       18: 2541:      const size_type __old_size = size();
       18: 2541-block  0
       18: 2542:      _M_erase_aux(__p.first, __p.second);
    $$$$$: 2542-block  0
    $$$$$: 2542-block  1
       18: 2543:      return __old_size - size();
       18: 2543-block  0
       18: 2543-block  1
        -: 2544:    }
------------------
_ZNSt8_Rb_treeIcSt4pairIKcPN7myGraph4NodeEESt10_Select1stIS5_ESt4lessIcESaIS5_EE5eraseERS1_:
    #####: 2537:    _Rb_tree<_Key, _Val, _KeyOfValue, _Compare, _Alloc>::
        -: 2538:    erase(const _Key& __x)
        -: 2539:    {
    #####: 2540:      pair<iterator, iterator> __p = equal_range(__x);
    %%%%%: 2540-block  0
    #####: 2541:      const size_type __old_size = size();
    %%%%%: 2541-block  0
    #####: 2542:      _M_erase_aux(__p.first, __p.second);
    $$$$$: 2542-block  0
    $$$$$: 2542-block  1
    #####: 2543:      return __old_size - size();
    %%%%%: 2543-block  0
    %%%%%: 2543-block  1
        -: 2544:    }
------------------
_ZNSt8_Rb_treeIcSt4pairIKciESt10_Select1stIS2_ESt4lessIcESaIS2_EE5eraseERS1_:
    #####: 2537:    _Rb_tree<_Key, _Val, _KeyOfValue, _Compare, _Alloc>::
        -: 2538:    erase(const _Key& __x)
        -: 2539:    {
    #####: 2540:      pair<iterator, iterator> __p = equal_range(__x);
    %%%%%: 2540-block  0
    #####: 2541:      const size_type __old_size = size();
    %%%%%: 2541-block  0
    #####: 2542:      _M_erase_aux(__p.first, __p.second);
    $$$$$: 2542-block  0
    $$$$$: 2542-block  1
    #####: 2543:      return __old_size - size();
    %%%%%: 2543-block  0
    %%%%%: 2543-block  1
        -: 2544:    }
------------------
        -: 2545:
        -: 2546:  template<typename _Key, typename _Val, typename _KeyOfValue,
        -: 2547:	   typename _Compare, typename _Alloc>
        -: 2548:    typename _Rb_tree<_Key, _Val, _KeyOfValue,
        -: 2549:		      _Compare, _Alloc>::iterator
       12: 2550:    _Rb_tree<_Key, _Val, _KeyOfValue, _Compare, _Alloc>::
        -: 2551:    find(const _Key& __k)
        -: 2552:    {
       12: 2553:      iterator __j = _M_lower_bound(_M_begin(), _M_end(), __k);
       24: 2554:      return (__j == end()
        8: 2555:	      || _M_impl._M_key_compare(__k,
      32*: 2556:					_S_key(__j._M_node))) ? end() : __j;
        -: 2557:    }
------------------
_ZNSt8_Rb_treeIcSt4pairIKccESt10_Select1stIS2_ESt4lessIcESaIS2_EE4findERS1_:
       10: 2550:    _Rb_tree<_Key, _Val, _KeyOfValue, _Compare, _Alloc>::
        -: 2551:    find(const _Key& __k)
        -: 2552:    {
       10: 2553:      iterator __j = _M_lower_bound(_M_begin(), _M_end(), __k);
       10: 2553-block  0
       20: 2554:      return (__j == end()
       10: 2554-block  0
       10: 2554-block  1
    $$$$$: 2554-block  2
        6: 2555:	      || _M_impl._M_key_compare(__k,
        6: 2555-block  0
       26: 2556:					_S_key(__j._M_node))) ? end() : __j;
        6: 2556-block  0
        8: 2556-block  1
        2: 2556-block  2
       10: 2556-block  3
        -: 2557:    }
------------------
_ZNSt8_Rb_treeIcSt4pairIKcPN7myGraph4NodeEESt10_Select1stIS5_ESt4lessIcESaIS5_EE4findERS1_:
        2: 2550:    _Rb_tree<_Key, _Val, _KeyOfValue, _Compare, _Alloc>::
        -: 2551:    find(const _Key& __k)
        -: 2552:    {
        2: 2553:      iterator __j = _M_lower_bound(_M_begin(), _M_end(), __k);
        2: 2553-block  0
        4: 2554:      return (__j == end()
        2: 2554-block  0
        2: 2554-block  1
    $$$$$: 2554-block  2
        2: 2555:	      || _M_impl._M_key_compare(__k,
        2: 2555-block  0
       6*: 2556:					_S_key(__j._M_node))) ? end() : __j;
        2: 2556-block  0
    %%%%%: 2556-block  1
        2: 2556-block  2
        2: 2556-block  3
        -: 2557:    }
------------------
        -: 2558:
        -: 2559:  template<typename _Key, typename _Val, typename _KeyOfValue,
        -: 2560:	   typename _Compare, typename _Alloc>
        -: 2561:    typename _Rb_tree<_Key, _Val, _KeyOfValue,
        -: 2562:		      _Compare, _Alloc>::const_iterator
    #####: 2563:    _Rb_tree<_Key, _Val, _KeyOfValue, _Compare, _Alloc>::
        -: 2564:    find(const _Key& __k) const
        -: 2565:    {
    #####: 2566:      const_iterator __j = _M_lower_bound(_M_begin(), _M_end(), __k);
    %%%%%: 2566-block  0
    #####: 2567:      return (__j == end()
    %%%%%: 2567-block  0
    %%%%%: 2567-block  1
    $$$$$: 2567-block  2
    #####: 2568:	      || _M_impl._M_key_compare(__k,
    %%%%%: 2568-block  0
    %%%%%: 2568-block  1
    #####: 2569:					_S_key(__j._M_node))) ? end() : __j;
    %%%%%: 2569-block  0
    %%%%%: 2569-block  1
    %%%%%: 2569-block  2
        -: 2570:    }
        -: 2571:
        -: 2572:  template<typename _Key, typename _Val, typename _KeyOfValue,
        -: 2573:	   typename _Compare, typename _Alloc>
        -: 2574:    typename _Rb_tree<_Key, _Val, _KeyOfValue, _Compare, _Alloc>::size_type
        -: 2575:    _Rb_tree<_Key, _Val, _KeyOfValue, _Compare, _Alloc>::
        -: 2576:    count(const _Key& __k) const
        -: 2577:    {
        -: 2578:      pair<const_iterator, const_iterator> __p = equal_range(__k);
        -: 2579:      const size_type __n = std::distance(__p.first, __p.second);
        -: 2580:      return __n;
        -: 2581:    }
        -: 2582:
        -: 2583:  _GLIBCXX_PURE unsigned int
        -: 2584:  _Rb_tree_black_count(const _Rb_tree_node_base* __node,
        -: 2585:		       const _Rb_tree_node_base* __root) throw ();
        -: 2586:
        -: 2587:  template<typename _Key, typename _Val, typename _KeyOfValue,
        -: 2588:	   typename _Compare, typename _Alloc>
        -: 2589:    bool
        -: 2590:    _Rb_tree<_Key,_Val,_KeyOfValue,_Compare,_Alloc>::__rb_verify() const
        -: 2591:    {
        -: 2592:      if (_M_impl._M_node_count == 0 || begin() == end())
        -: 2593:	return _M_impl._M_node_count == 0 && begin() == end()
        -: 2594:	       && this->_M_impl._M_header._M_left == _M_end()
        -: 2595:	       && this->_M_impl._M_header._M_right == _M_end();
        -: 2596:
        -: 2597:      unsigned int __len = _Rb_tree_black_count(_M_leftmost(), _M_root());
        -: 2598:      for (const_iterator __it = begin(); __it != end(); ++__it)
        -: 2599:	{
        -: 2600:	  _Const_Link_type __x = static_cast<_Const_Link_type>(__it._M_node);
        -: 2601:	  _Const_Link_type __L = _S_left(__x);
        -: 2602:	  _Const_Link_type __R = _S_right(__x);
        -: 2603:
        -: 2604:	  if (__x->_M_color == _S_red)
        -: 2605:	    if ((__L && __L->_M_color == _S_red)
        -: 2606:		|| (__R && __R->_M_color == _S_red))
        -: 2607:	      return false;
        -: 2608:
        -: 2609:	  if (__L && _M_impl._M_key_compare(_S_key(__x), _S_key(__L)))
        -: 2610:	    return false;
        -: 2611:	  if (__R && _M_impl._M_key_compare(_S_key(__R), _S_key(__x)))
        -: 2612:	    return false;
        -: 2613:
        -: 2614:	  if (!__L && !__R && _Rb_tree_black_count(__x, _M_root()) != __len)
        -: 2615:	    return false;
        -: 2616:	}
        -: 2617:
        -: 2618:      if (_M_leftmost() != _Rb_tree_node_base::_S_minimum(_M_root()))
        -: 2619:	return false;
        -: 2620:      if (_M_rightmost() != _Rb_tree_node_base::_S_maximum(_M_root()))
        -: 2621:	return false;
        -: 2622:      return true;
        -: 2623:    }
        -: 2624:
        -: 2625:#if __cplusplus > 201402L
        -: 2626:  // Allow access to internals of compatible _Rb_tree specializations.
        -: 2627:  template<typename _Key, typename _Val, typename _Sel, typename _Cmp1,
        -: 2628:	   typename _Alloc, typename _Cmp2>
        -: 2629:    struct _Rb_tree_merge_helper<_Rb_tree<_Key, _Val, _Sel, _Cmp1, _Alloc>,
        -: 2630:				 _Cmp2>
        -: 2631:    {
        -: 2632:    private:
        -: 2633:      friend class _Rb_tree<_Key, _Val, _Sel, _Cmp1, _Alloc>;
        -: 2634:
        -: 2635:      static auto&
        -: 2636:      _S_get_impl(_Rb_tree<_Key, _Val, _Sel, _Cmp2, _Alloc>& __tree)
        -: 2637:      { return __tree._M_impl; }
        -: 2638:    };
        -: 2639:#endif // C++17
        -: 2640:
        -: 2641:_GLIBCXX_END_NAMESPACE_VERSION
        -: 2642:} // namespace
        -: 2643:
        -: 2644:#endif
